3:16:58 PM  [main] 	Initializing Control Panel
3:16:58 PM  [main] 	Windows Version:  Enterprise  64-bit
3:16:58 PM  [main] 	XAMPP Version: 7.2.24
3:16:58 PM  [main] 	Control Panel Version: 3.2.4  [ Compiled: Jun 5th 2019 ]
3:16:58 PM  [main] 	You are not running with administrator rights! This will work for
3:16:58 PM  [main] 	most application stuff but whenever you do something with services
3:16:58 PM  [main] 	there will be a security dialogue or things will break! So think 
3:16:58 PM  [main] 	about running this application with administrator rights!
3:16:58 PM  [main] 	XAMPP Installation Directory: "c:\xampp\"
3:16:58 PM  [main] 	Checking for prerequisites
3:17:02 PM  [main] 	All prerequisites found
3:17:02 PM  [main] 	Initializing Modules
3:17:02 PM  [main] 	Starting Check-Timer
3:17:02 PM  [main] 	Control Panel Ready
3:18:44 PM  [Apache] 	Attempting to start Apache app...
3:18:44 PM  [mysql] 	Attempting to start MySQL app...
3:18:44 PM  [Apache] 	Status change detected: running
3:18:44 PM  [mysql] 	Status change detected: running
3:19:46 PM  [Apache] 	Attempting to stop Apache (PID: 3944)
3:19:46 PM  [Apache] 	Attempting to stop Apache (PID: 6808)
3:19:47 PM  [Apache] 	Status change detected: stopped
3:19:47 PM  [Apache] 	Attempting to start Apache app...
3:19:47 PM  [Apache] 	Status change detected: running
3:19:48 PM  [mysql] 	Attempting to stop MySQL app...
3:19:48 PM  [mysql] 	Status change detected: stopped
3:19:48 PM  [mysql] 	Attempting to start MySQL app...
3:19:49 PM  [mysql] 	Status change detected: running
3:19:49 PM  [Apache] 	Attempting to stop Apache (PID: 10152)
3:19:49 PM  [Apache] 	Attempting to stop Apache (PID: 11464)
3:19:49 PM  [Apache] 	Status change detected: stopped
3:19:49 PM  [mysql] 	Attempting to stop MySQL app...
3:19:50 PM  [mysql] 	Status change detected: stopped
3:19:50 PM  [Apache] 	Attempting to start Apache app...
3:19:51 PM  [mysql] 	Attempting to start MySQL app...
3:19:51 PM  [Apache] 	Status change detected: running
3:19:51 PM  [mysql] 	Status change detected: running
3:22:12 PM  [Apache] 	Attempting to stop Apache (PID: 4592)
3:22:12 PM  [Apache] 	Attempting to stop Apache (PID: 12128)
3:22:12 PM  [Apache] 	Status change detected: stopped
3:22:12 PM  [mysql] 	Attempting to stop MySQL app...
3:22:13 PM  [Apache] 	Attempting to start Apache app...
3:22:13 PM  [Apache] 	Status change detected: running
3:22:13 PM  [mysql] 	Status change detected: stopped
3:22:13 PM  [mysql] 	Attempting to start MySQL app...
3:22:13 PM  [mysql] 	Status change detected: running
3:24:40 PM  [Apache] 	Attempting to stop Apache (PID: 10728)
3:24:40 PM  [Apache] 	Attempting to stop Apache (PID: 10988)
3:24:40 PM  [mysql] 	Attempting to stop MySQL app...
3:24:41 PM  [Apache] 	Status change detected: stopped
3:24:41 PM  [mysql] 	Status change detected: stopped
3:24:41 PM  [Apache] 	Attempting to start Apache app...
3:24:41 PM  [Apache] 	Status change detected: running
3:24:41 PM  [mysql] 	Attempting to start MySQL app...
3:24:42 PM  [mysql] 	Status change detected: running
3:24:55 PM  [main] 	Deinitializing Modules
3:24:55 PM  [main] 	Deinitializing Control Panel

3:57:23 PM  [main] 	Initializing Control Panel
3:57:23 PM  [main] 	Windows Version:  Enterprise  64-bit
3:57:23 PM  [main] 	XAMPP Version: 7.2.24
3:57:23 PM  [main] 	Control Panel Version: 3.2.4  [ Compiled: Jun 5th 2019 ]
3:57:23 PM  [main] 	You are not running with administrator rights! This will work for
3:57:23 PM  [main] 	most application stuff but whenever you do something with services
3:57:23 PM  [main] 	there will be a security dialogue or things will break! So think 
3:57:23 PM  [main] 	about running this application with administrator rights!
3:57:23 PM  [main] 	XAMPP Installation Directory: "c:\xampp\"
3:57:23 PM  [main] 	Checking for prerequisites
3:57:25 PM  [main] 	All prerequisites found
3:57:25 PM  [main] 	Initializing Modules
3:57:25 PM  [main] 	Starting Check-Timer
3:57:25 PM  [main] 	Control Panel Ready
3:57:33 PM  [main] 	Executing "c:\xampp\php"
3:59:58 PM  [Apache] 	Attempting to start Apache app...
3:59:58 PM  [Apache] 	Status change detected: running
3:59:58 PM  [mysql] 	Attempting to start MySQL app...
3:59:58 PM  [mysql] 	Status change detected: running
4:03:46 PM  [Apache] 	Attempting to stop Apache (PID: 1780)
4:03:46 PM  [Apache] 	Attempting to stop Apache (PID: 6856)
4:03:46 PM  [Apache] 	Status change detected: stopped
4:03:47 PM  [mysql] 	Attempting to stop MySQL app...
4:03:47 PM  [mysql] 	Status change detected: stopped
4:03:47 PM  [Apache] 	Attempting to start Apache app...
4:03:47 PM  [Apache] 	Status change detected: running
4:03:48 PM  [mysql] 	Attempting to start MySQL app...
4:03:48 PM  [mysql] 	Status change detected: running
4:04:37 PM  [Apache] 	Attempting to stop Apache (PID: 6596)
4:04:37 PM  [Apache] 	Attempting to stop Apache (PID: 4668)
4:04:37 PM  [Apache] 	Status change detected: stopped
4:04:38 PM  [mysql] 	Attempting to stop MySQL app...
4:04:38 PM  [mysql] 	Status change detected: stopped
4:04:38 PM  [Apache] 	Attempting to start Apache app...
4:04:38 PM  [mysql] 	Attempting to start MySQL app...
4:04:38 PM  [Apache] 	Status change detected: running
4:04:38 PM  [mysql] 	Status change detected: running
4:33:06 PM  [Apache] 	Attempting to stop Apache (PID: 2988)
4:33:06 PM  [Apache] 	Attempting to stop Apache (PID: 3108)
4:33:06 PM  [Apache] 	Status change detected: stopped
4:33:07 PM  [mysql] 	Attempting to stop MySQL app...
4:33:07 PM  [mysql] 	Status change detected: stopped
4:33:08 PM  [Apache] 	Attempting to start Apache app...
4:33:08 PM  [Apache] 	Status change detected: running
4:33:08 PM  [mysql] 	Attempting to start MySQL app...
4:33:08 PM  [mysql] 	Status change detected: running
4:35:56 PM  [Apache] 	Attempting to stop Apache (PID: 4828)
4:35:56 PM  [Apache] 	Attempting to stop Apache (PID: 6040)
4:35:56 PM  [Apache] 	Status change detected: stopped
4:35:57 PM  [mysql] 	Attempting to stop MySQL app...
4:35:57 PM  [mysql] 	Status change detected: stopped
4:35:57 PM  [Apache] 	Attempting to start Apache app...
4:35:57 PM  [Apache] 	Status change detected: running
4:35:58 PM  [mysql] 	Attempting to start MySQL app...
4:35:58 PM  [mysql] 	Status change detected: running
4:40:18 PM  [Apache] 	Attempting to stop Apache (PID: 2616)
4:40:18 PM  [Apache] 	Attempting to stop Apache (PID: 11588)
4:40:18 PM  [mysql] 	Attempting to stop MySQL app...
4:40:18 PM  [Apache] 	Status change detected: stopped
4:40:18 PM  [mysql] 	Status change detected: stopped
4:40:19 PM  [Apache] 	Attempting to start Apache app...
4:40:19 PM  [Apache] 	Status change detected: running
4:40:19 PM  [mysql] 	Attempting to start MySQL app...
4:40:19 PM  [mysql] 	Status change detected: running
5:31:27 PM  [Apache] 	Status change detected: stopped
5:31:27 PM  [Apache] 	Error: Apache shutdown unexpectedly.
5:31:27 PM  [Apache] 	This may be due to a blocked port, missing dependencies, 
5:31:27 PM  [Apache] 	improper privileges, a crash, or a shutdown by another method.
5:31:27 PM  [Apache] 	Press the Logs button to view error logs and check
5:31:27 PM  [Apache] 	the Windows Event Viewer for more clues
5:31:27 PM  [Apache] 	If you need more help, copy and post this
5:31:27 PM  [Apache] 	entire log window on the forums
5:34:26 PM  [Apache] 	Attempting to start Apache app...
5:34:26 PM  [Apache] 	Status change detected: running
6:16:38 PM  [main] 	Deinitializing Modules
6:16:38 PM  [main] 	Deinitializing Control Panel

2:10:41 PM  [main] 	Initializing Control Panel
2:10:41 PM  [main] 	Windows Version:  Enterprise  64-bit
2:10:41 PM  [main] 	XAMPP Version: 7.2.24
2:10:41 PM  [main] 	Control Panel Version: 3.2.4  [ Compiled: Jun 5th 2019 ]
2:10:41 PM  [main] 	You are not running with administrator rights! This will work for
2:10:41 PM  [main] 	most application stuff but whenever you do something with services
2:10:41 PM  [main] 	there will be a security dialogue or things will break! So think 
2:10:41 PM  [main] 	about running this application with administrator rights!
2:10:41 PM  [main] 	XAMPP Installation Directory: "c:\xampp\"
2:10:41 PM  [main] 	Checking for prerequisites
2:10:45 PM  [main] 	All prerequisites found
2:10:45 PM  [main] 	Initializing Modules
2:10:45 PM  [main] 	Starting Check-Timer
2:10:45 PM  [main] 	Control Panel Ready
2:10:47 PM  [Apache] 	Attempting to start Apache app...
2:10:47 PM  [Apache] 	Status change detected: running
2:10:48 PM  [mysql] 	Attempting to start MySQL app...
2:10:48 PM  [mysql] 	Status change detected: running
5:07:26 PM  [main] 	Deinitializing Modules
5:07:26 PM  [main] 	Deinitializing Control Panel

8:39:33 PM  [main] 	Initializing Control Panel
8:39:33 PM  [main] 	Windows Version:  Enterprise  64-bit
8:39:33 PM  [main] 	XAMPP Version: 7.2.24
8:39:33 PM  [main] 	Control Panel Version: 3.2.4  [ Compiled: Jun 5th 2019 ]
8:39:33 PM  [main] 	You are not running with administrator rights! This will work for
8:39:33 PM  [main] 	most application stuff but whenever you do something with services
8:39:33 PM  [main] 	there will be a security dialogue or things will break! So think 
8:39:33 PM  [main] 	about running this application with administrator rights!
8:39:33 PM  [main] 	XAMPP Installation Directory: "c:\xampp\"
8:39:33 PM  [main] 	Checking for prerequisites
8:39:38 PM  [main] 	All prerequisites found
8:39:38 PM  [main] 	Initializing Modules
8:39:38 PM  [main] 	Starting Check-Timer
8:39:38 PM  [main] 	Control Panel Ready
8:39:39 PM  [Apache] 	Attempting to start Apache app...
8:39:40 PM  [mysql] 	Attempting to start MySQL app...
8:39:40 PM  [Apache] 	Status change detected: running
8:39:40 PM  [mysql] 	Status change detected: running
9:27:33 PM  [main] 	Deinitializing Modules
9:27:33 PM  [main] 	Deinitializing Control Panel

11:23:23 PM  [main] 	Initializing Control Panel
11:23:23 PM  [main] 	Windows Version:  Enterprise  64-bit
11:23:23 PM  [main] 	XAMPP Version: 7.2.24
11:23:23 PM  [main] 	Control Panel Version: 3.2.4  [ Compiled: Jun 5th 2019 ]
11:23:23 PM  [main] 	You are not running with administrator rights! This will work for
11:23:23 PM  [main] 	most application stuff but whenever you do something with services
11:23:23 PM  [main] 	there will be a security dialogue or things will break! So think 
11:23:23 PM  [main] 	about running this application with administrator rights!
11:23:23 PM  [main] 	XAMPP Installation Directory: "c:\xampp\"
11:23:23 PM  [main] 	Checking for prerequisites
11:23:27 PM  [main] 	All prerequisites found
11:23:27 PM  [main] 	Initializing Modules
11:23:27 PM  [main] 	Starting Check-Timer
11:23:27 PM  [main] 	Control Panel Ready
11:23:29 PM  [Apache] 	Attempting to start Apache app...
11:23:29 PM  [mysql] 	Attempting to start MySQL app...
11:23:29 PM  [Apache] 	Status change detected: running
11:23:29 PM  [mysql] 	Status change detected: running
12:08:42 AM  [main] 	Deinitializing Modules
12:08:42 AM  [main] 	Deinitializing Control Panel

