::1 - - [19/Nov/2019:15:18:48 +0800] "GET / HTTP/1.1" 302 - "-" "Mozilla/5.0 (Windows NT 10.0; Win64; x64) AppleWebKit/537.36 (KHTML, like Gecko) Chrome/78.0.3904.97 Safari/537.36"
::1 - - [19/Nov/2019:15:18:48 +0800] "GET /dashboard/ HTTP/1.1" 200 7577 "-" "Mozilla/5.0 (Windows NT 10.0; Win64; x64) AppleWebKit/537.36 (KHTML, like Gecko) Chrome/78.0.3904.97 Safari/537.36"
::1 - - [19/Nov/2019:15:18:48 +0800] "GET /dashboard/stylesheets/normalize.css HTTP/1.1" 200 6876 "http://localhost/dashboard/" "Mozilla/5.0 (Windows NT 10.0; Win64; x64) AppleWebKit/537.36 (KHTML, like Gecko) Chrome/78.0.3904.97 Safari/537.36"
::1 - - [19/Nov/2019:15:18:48 +0800] "GET /dashboard/stylesheets/all.css HTTP/1.1" 200 481698 "http://localhost/dashboard/" "Mozilla/5.0 (Windows NT 10.0; Win64; x64) AppleWebKit/537.36 (KHTML, like Gecko) Chrome/78.0.3904.97 Safari/537.36"
::1 - - [19/Nov/2019:15:18:48 +0800] "GET /dashboard/images/bitnami-xampp.png HTTP/1.1" 200 22133 "http://localhost/dashboard/" "Mozilla/5.0 (Windows NT 10.0; Win64; x64) AppleWebKit/537.36 (KHTML, like Gecko) Chrome/78.0.3904.97 Safari/537.36"
::1 - - [19/Nov/2019:15:18:48 +0800] "GET /dashboard/javascripts/modernizr.js HTTP/1.1" 200 51365 "http://localhost/dashboard/" "Mozilla/5.0 (Windows NT 10.0; Win64; x64) AppleWebKit/537.36 (KHTML, like Gecko) Chrome/78.0.3904.97 Safari/537.36"
::1 - - [19/Nov/2019:15:18:48 +0800] "GET /dashboard/images/xampp-logo.svg HTTP/1.1" 200 5427 "http://localhost/dashboard/" "Mozilla/5.0 (Windows NT 10.0; Win64; x64) AppleWebKit/537.36 (KHTML, like Gecko) Chrome/78.0.3904.97 Safari/537.36"
::1 - - [19/Nov/2019:15:18:48 +0800] "GET /dashboard/javascripts/all.js HTTP/1.1" 200 188385 "http://localhost/dashboard/" "Mozilla/5.0 (Windows NT 10.0; Win64; x64) AppleWebKit/537.36 (KHTML, like Gecko) Chrome/78.0.3904.97 Safari/537.36"
::1 - - [19/Nov/2019:15:18:48 +0800] "GET /dashboard/images/fastly-logo.png HTTP/1.1" 200 1770 "http://localhost/dashboard/" "Mozilla/5.0 (Windows NT 10.0; Win64; x64) AppleWebKit/537.36 (KHTML, like Gecko) Chrome/78.0.3904.97 Safari/537.36"
::1 - - [19/Nov/2019:15:18:48 +0800] "GET /dashboard/images/social-icons.png HTTP/1.1" 200 3361 "http://localhost/dashboard/stylesheets/all.css" "Mozilla/5.0 (Windows NT 10.0; Win64; x64) AppleWebKit/537.36 (KHTML, like Gecko) Chrome/78.0.3904.97 Safari/537.36"
::1 - - [19/Nov/2019:15:18:49 +0800] "GET /dashboard/images/favicon.png HTTP/1.1" 200 2508 "http://localhost/dashboard/" "Mozilla/5.0 (Windows NT 10.0; Win64; x64) AppleWebKit/537.36 (KHTML, like Gecko) Chrome/78.0.3904.97 Safari/537.36"
::1 - - [19/Nov/2019:15:19:12 +0800] "GET /v.php HTTP/1.1" 200 94566 "-" "Mozilla/5.0 (Windows NT 10.0; Win64; x64) AppleWebKit/537.36 (KHTML, like Gecko) Chrome/78.0.3904.97 Safari/537.36"
::1 - - [19/Nov/2019:15:19:13 +0800] "GET /favicon.ico HTTP/1.1" 404 1186 "http://localhost/v.php" "Mozilla/5.0 (Windows NT 10.0; Win64; x64) AppleWebKit/537.36 (KHTML, like Gecko) Chrome/78.0.3904.97 Safari/537.36"
::1 - - [19/Nov/2019:15:19:53 +0800] "GET /v.php HTTP/1.1" 200 94987 "-" "Mozilla/5.0 (Windows NT 10.0; Win64; x64) AppleWebKit/537.36 (KHTML, like Gecko) Chrome/78.0.3904.97 Safari/537.36"
::1 - - [19/Nov/2019:15:19:54 +0800] "GET /v.php HTTP/1.1" 200 94986 "-" "Mozilla/5.0 (Windows NT 10.0; Win64; x64) AppleWebKit/537.36 (KHTML, like Gecko) Chrome/78.0.3904.97 Safari/537.36"
::1 - - [19/Nov/2019:15:22:20 +0800] "GET /v.php HTTP/1.1" 200 94988 "-" "Mozilla/5.0 (Windows NT 10.0; Win64; x64) AppleWebKit/537.36 (KHTML, like Gecko) Chrome/78.0.3904.97 Safari/537.36"
::1 - - [19/Nov/2019:15:24:44 +0800] "GET /v.php HTTP/1.1" 200 94987 "-" "Mozilla/5.0 (Windows NT 10.0; Win64; x64) AppleWebKit/537.36 (KHTML, like Gecko) Chrome/78.0.3904.97 Safari/537.36"
::1 - - [19/Nov/2019:15:24:45 +0800] "GET /v.php HTTP/1.1" 200 94987 "-" "Mozilla/5.0 (Windows NT 10.0; Win64; x64) AppleWebKit/537.36 (KHTML, like Gecko) Chrome/78.0.3904.97 Safari/537.36"
::1 - - [19/Nov/2019:15:25:18 +0800] "GET /v.php HTTP/1.1" 200 95597 "-" "Mozilla/5.0 (Windows NT 10.0; Win64; x64) AppleWebKit/537.36 (KHTML, like Gecko) Chrome/78.0.3904.97 Safari/537.36"
::1 - - [19/Nov/2019:15:28:27 +0800] "GET /v.php HTTP/1.1" 200 95596 "-" "Mozilla/5.0 (Windows NT 10.0; Win64; x64) AppleWebKit/537.36 (KHTML, like Gecko) Chrome/78.0.3904.97 Safari/537.36"
::1 - - [19/Nov/2019:15:28:27 +0800] "GET /v.php HTTP/1.1" 200 95596 "-" "Mozilla/5.0 (Windows NT 10.0; Win64; x64) AppleWebKit/537.36 (KHTML, like Gecko) Chrome/78.0.3904.97 Safari/537.36"
::1 - - [19/Nov/2019:15:28:29 +0800] "GET /v.php HTTP/1.1" 200 95596 "-" "Mozilla/5.0 (Windows NT 10.0; Win64; x64) AppleWebKit/537.36 (KHTML, like Gecko) Chrome/78.0.3904.97 Safari/537.36"
::1 - - [19/Nov/2019:15:29:11 +0800] "GET /v.php HTTP/1.1" 200 95596 "-" "Mozilla/5.0 (Windows NT 10.0; Win64; x64) AppleWebKit/537.36 (KHTML, like Gecko) Chrome/78.0.3904.97 Safari/537.36"
::1 - - [19/Nov/2019:15:29:12 +0800] "GET /v.php HTTP/1.1" 200 95596 "-" "Mozilla/5.0 (Windows NT 10.0; Win64; x64) AppleWebKit/537.36 (KHTML, like Gecko) Chrome/78.0.3904.97 Safari/537.36"
::1 - - [19/Nov/2019:15:30:25 +0800] "GET /v.php HTTP/1.1" 200 96862 "-" "Mozilla/5.0 (Windows NT 10.0; Win64; x64) AppleWebKit/537.36 (KHTML, like Gecko) Chrome/78.0.3904.97 Safari/537.36"
::1 - - [19/Nov/2019:15:30:26 +0800] "GET /v.php HTTP/1.1" 200 96862 "-" "Mozilla/5.0 (Windows NT 10.0; Win64; x64) AppleWebKit/537.36 (KHTML, like Gecko) Chrome/78.0.3904.97 Safari/537.36"
::1 - - [19/Nov/2019:15:32:27 +0800] "GET / HTTP/1.1" 200 996 "-" "Mozilla/5.0 (Windows NT 10.0; Win64; x64) AppleWebKit/537.36 (KHTML, like Gecko) Chrome/78.0.3904.97 Safari/537.36"
::1 - - [19/Nov/2019:15:32:27 +0800] "GET /icons/blank.gif HTTP/1.1" 200 148 "http://localhost/" "Mozilla/5.0 (Windows NT 10.0; Win64; x64) AppleWebKit/537.36 (KHTML, like Gecko) Chrome/78.0.3904.97 Safari/537.36"
::1 - - [19/Nov/2019:15:32:27 +0800] "GET /icons/folder.gif HTTP/1.1" 200 225 "http://localhost/" "Mozilla/5.0 (Windows NT 10.0; Win64; x64) AppleWebKit/537.36 (KHTML, like Gecko) Chrome/78.0.3904.97 Safari/537.36"
::1 - - [19/Nov/2019:15:32:29 +0800] "GET /mongoDB/ HTTP/1.1" 200 2298 "http://localhost/" "Mozilla/5.0 (Windows NT 10.0; Win64; x64) AppleWebKit/537.36 (KHTML, like Gecko) Chrome/78.0.3904.97 Safari/537.36"
::1 - - [19/Nov/2019:15:32:31 +0800] "GET /mongoDB/GES.php HTTP/1.1" 200 38788 "http://localhost/mongoDB/" "Mozilla/5.0 (Windows NT 10.0; Win64; x64) AppleWebKit/537.36 (KHTML, like Gecko) Chrome/78.0.3904.97 Safari/537.36"
::1 - - [19/Nov/2019:15:32:32 +0800] "GET /mongoDB/loan.php HTTP/1.1" 200 2791 "http://localhost/mongoDB/GES.php" "Mozilla/5.0 (Windows NT 10.0; Win64; x64) AppleWebKit/537.36 (KHTML, like Gecko) Chrome/78.0.3904.97 Safari/537.36"
::1 - - [19/Nov/2019:15:32:32 +0800] "GET /mongoDB/calculator.php HTTP/1.1" 200 22023 "http://localhost/mongoDB/loan.php" "Mozilla/5.0 (Windows NT 10.0; Win64; x64) AppleWebKit/537.36 (KHTML, like Gecko) Chrome/78.0.3904.97 Safari/537.36"
::1 - - [19/Nov/2019:15:32:33 +0800] "GET /mongoDB/stats.php HTTP/1.1" 200 5211 "http://localhost/mongoDB/calculator.php" "Mozilla/5.0 (Windows NT 10.0; Win64; x64) AppleWebKit/537.36 (KHTML, like Gecko) Chrome/78.0.3904.97 Safari/537.36"
::1 - - [19/Nov/2019:15:39:38 +0800] "GET /mongoDB/database.php HTTP/1.1" 200 - "-" "Mozilla/5.0 (Windows NT 10.0; Win64; x64) AppleWebKit/537.36 (KHTML, like Gecko) Chrome/78.0.3904.97 Safari/537.36"
::1 - - [19/Nov/2019:15:46:55 +0800] "GET / HTTP/1.1" 200 996 "-" "Mozilla/5.0 (Windows NT 10.0; Win64; x64) AppleWebKit/537.36 (KHTML, like Gecko) Chrome/78.0.3904.97 Safari/537.36"
::1 - - [19/Nov/2019:15:46:57 +0800] "GET /mongoDB/ HTTP/1.1" 200 2298 "http://localhost/" "Mozilla/5.0 (Windows NT 10.0; Win64; x64) AppleWebKit/537.36 (KHTML, like Gecko) Chrome/78.0.3904.97 Safari/537.36"
::1 - - [19/Nov/2019:15:47:01 +0800] "GET /mongoDB/database.php HTTP/1.1" 200 - "-" "Mozilla/5.0 (Windows NT 10.0; Win64; x64) AppleWebKit/537.36 (KHTML, like Gecko) Chrome/78.0.3904.97 Safari/537.36"
::1 - - [19/Nov/2019:15:47:23 +0800] "GET /mongoDB/database.php HTTP/1.1" 200 - "-" "Mozilla/5.0 (Windows NT 10.0; Win64; x64) AppleWebKit/537.36 (KHTML, like Gecko) Chrome/78.0.3904.97 Safari/537.36"
::1 - - [19/Nov/2019:15:47:24 +0800] "GET /mongoDB/database.php HTTP/1.1" 200 - "-" "Mozilla/5.0 (Windows NT 10.0; Win64; x64) AppleWebKit/537.36 (KHTML, like Gecko) Chrome/78.0.3904.97 Safari/537.36"
::1 - - [19/Nov/2019:15:47:24 +0800] "GET /mongoDB/database.php HTTP/1.1" 200 - "-" "Mozilla/5.0 (Windows NT 10.0; Win64; x64) AppleWebKit/537.36 (KHTML, like Gecko) Chrome/78.0.3904.97 Safari/537.36"
::1 - - [19/Nov/2019:15:47:24 +0800] "GET /mongoDB/database.php HTTP/1.1" 200 - "-" "Mozilla/5.0 (Windows NT 10.0; Win64; x64) AppleWebKit/537.36 (KHTML, like Gecko) Chrome/78.0.3904.97 Safari/537.36"
::1 - - [19/Nov/2019:15:47:25 +0800] "GET /mongoDB/database.php HTTP/1.1" 200 - "-" "Mozilla/5.0 (Windows NT 10.0; Win64; x64) AppleWebKit/537.36 (KHTML, like Gecko) Chrome/78.0.3904.97 Safari/537.36"
::1 - - [19/Nov/2019:15:47:25 +0800] "GET /mongoDB/database.php HTTP/1.1" 200 - "-" "Mozilla/5.0 (Windows NT 10.0; Win64; x64) AppleWebKit/537.36 (KHTML, like Gecko) Chrome/78.0.3904.97 Safari/537.36"
::1 - - [19/Nov/2019:15:49:05 +0800] "GET /mongoDB/database.php HTTP/1.1" 200 218 "-" "Mozilla/5.0 (Windows NT 10.0; Win64; x64) AppleWebKit/537.36 (KHTML, like Gecko) Chrome/78.0.3904.97 Safari/537.36"
::1 - - [19/Nov/2019:15:49:14 +0800] "GET /mongoDB/database.php HTTP/1.1" 200 212 "-" "Mozilla/5.0 (Windows NT 10.0; Win64; x64) AppleWebKit/537.36 (KHTML, like Gecko) Chrome/78.0.3904.97 Safari/537.36"
::1 - - [19/Nov/2019:15:49:25 +0800] "GET /mongoDB/database.php HTTP/1.1" 200 218 "-" "Mozilla/5.0 (Windows NT 10.0; Win64; x64) AppleWebKit/537.36 (KHTML, like Gecko) Chrome/78.0.3904.97 Safari/537.36"
::1 - - [19/Nov/2019:15:50:04 +0800] "GET /mongoDB/v.php HTTP/1.1" 200 96800 "-" "Mozilla/5.0 (Windows NT 10.0; Win64; x64) AppleWebKit/537.36 (KHTML, like Gecko) Chrome/78.0.3904.97 Safari/537.36"
::1 - - [19/Nov/2019:15:51:08 +0800] "GET /mongoDB/database.php HTTP/1.1" 200 218 "-" "Mozilla/5.0 (Windows NT 10.0; Win64; x64) AppleWebKit/537.36 (KHTML, like Gecko) Chrome/78.0.3904.97 Safari/537.36"
::1 - - [19/Nov/2019:15:52:51 +0800] "GET /mongoDB/database.php HTTP/1.1" 200 218 "-" "Mozilla/5.0 (Windows NT 10.0; Win64; x64) AppleWebKit/537.36 (KHTML, like Gecko) Chrome/78.0.3904.97 Safari/537.36"
::1 - - [19/Nov/2019:15:52:52 +0800] "GET /mongoDB/database.php HTTP/1.1" 200 218 "-" "Mozilla/5.0 (Windows NT 10.0; Win64; x64) AppleWebKit/537.36 (KHTML, like Gecko) Chrome/78.0.3904.97 Safari/537.36"
::1 - - [19/Nov/2019:15:52:52 +0800] "GET /mongoDB/database.php HTTP/1.1" 200 218 "-" "Mozilla/5.0 (Windows NT 10.0; Win64; x64) AppleWebKit/537.36 (KHTML, like Gecko) Chrome/78.0.3904.97 Safari/537.36"
::1 - - [19/Nov/2019:15:54:06 +0800] "GET /mongoDB/database.php HTTP/1.1" 200 221 "-" "Mozilla/5.0 (Windows NT 10.0; Win64; x64) AppleWebKit/537.36 (KHTML, like Gecko) Chrome/78.0.3904.97 Safari/537.36"
::1 - - [19/Nov/2019:15:54:07 +0800] "GET /mongoDB/database.php HTTP/1.1" 200 221 "-" "Mozilla/5.0 (Windows NT 10.0; Win64; x64) AppleWebKit/537.36 (KHTML, like Gecko) Chrome/78.0.3904.97 Safari/537.36"
::1 - - [19/Nov/2019:15:54:07 +0800] "GET /mongoDB/database.php HTTP/1.1" 200 221 "-" "Mozilla/5.0 (Windows NT 10.0; Win64; x64) AppleWebKit/537.36 (KHTML, like Gecko) Chrome/78.0.3904.97 Safari/537.36"
::1 - - [19/Nov/2019:15:54:08 +0800] "GET /mongoDB/database.php HTTP/1.1" 200 221 "-" "Mozilla/5.0 (Windows NT 10.0; Win64; x64) AppleWebKit/537.36 (KHTML, like Gecko) Chrome/78.0.3904.97 Safari/537.36"
::1 - - [19/Nov/2019:15:54:08 +0800] "GET /mongoDB/database.php HTTP/1.1" 200 221 "-" "Mozilla/5.0 (Windows NT 10.0; Win64; x64) AppleWebKit/537.36 (KHTML, like Gecko) Chrome/78.0.3904.97 Safari/537.36"
::1 - - [19/Nov/2019:15:54:32 +0800] "GET /mongoDB/database.php HTTP/1.1" 200 221 "-" "Mozilla/5.0 (Windows NT 10.0; Win64; x64) AppleWebKit/537.36 (KHTML, like Gecko) Chrome/78.0.3904.97 Safari/537.36"
::1 - - [19/Nov/2019:15:54:32 +0800] "GET /mongoDB/database.php HTTP/1.1" 200 221 "-" "Mozilla/5.0 (Windows NT 10.0; Win64; x64) AppleWebKit/537.36 (KHTML, like Gecko) Chrome/78.0.3904.97 Safari/537.36"
::1 - - [19/Nov/2019:15:54:32 +0800] "GET /mongoDB/database.php HTTP/1.1" 200 221 "-" "Mozilla/5.0 (Windows NT 10.0; Win64; x64) AppleWebKit/537.36 (KHTML, like Gecko) Chrome/78.0.3904.97 Safari/537.36"
::1 - - [19/Nov/2019:16:00:21 +0800] "GET /phpmyadmin/ HTTP/1.1" 200 14239 "-" "Mozilla/5.0 (Windows NT 10.0; Win64; x64) AppleWebKit/537.36 (KHTML, like Gecko) Chrome/78.0.3904.97 Safari/537.36"
::1 - - [19/Nov/2019:16:00:23 +0800] "GET /phpmyadmin/js/vendor/codemirror/lib/codemirror.css?v=4.9.1 HTTP/1.1" 200 8705 "-" "Mozilla/5.0 (Windows NT 10.0; Win64; x64) AppleWebKit/537.36 (KHTML, like Gecko) Chrome/78.0.3904.97 Safari/537.36"
::1 - - [19/Nov/2019:16:00:23 +0800] "GET /phpmyadmin/js/vendor/codemirror/addon/hint/show-hint.css?v=4.9.1 HTTP/1.1" 200 623 "-" "Mozilla/5.0 (Windows NT 10.0; Win64; x64) AppleWebKit/537.36 (KHTML, like Gecko) Chrome/78.0.3904.97 Safari/537.36"
::1 - - [19/Nov/2019:16:00:23 +0800] "GET /phpmyadmin/js/vendor/codemirror/addon/lint/lint.css?v=4.9.1 HTTP/1.1" 200 2999 "-" "Mozilla/5.0 (Windows NT 10.0; Win64; x64) AppleWebKit/537.36 (KHTML, like Gecko) Chrome/78.0.3904.97 Safari/537.36"
::1 - - [19/Nov/2019:16:00:23 +0800] "GET /phpmyadmin/js/vendor/jquery/jquery.min.js?v=4.9.1 HTTP/1.1" 200 88145 "-" "Mozilla/5.0 (Windows NT 10.0; Win64; x64) AppleWebKit/537.36 (KHTML, like Gecko) Chrome/78.0.3904.97 Safari/537.36"
::1 - - [19/Nov/2019:16:00:23 +0800] "GET /phpmyadmin/js/keyhandler.js?v=4.9.1 HTTP/1.1" 200 3333 "-" "Mozilla/5.0 (Windows NT 10.0; Win64; x64) AppleWebKit/537.36 (KHTML, like Gecko) Chrome/78.0.3904.97 Safari/537.36"
::1 - - [19/Nov/2019:16:00:23 +0800] "GET /phpmyadmin/js/vendor/jquery/jquery-ui.min.js?v=4.9.1 HTTP/1.1" 200 253681 "-" "Mozilla/5.0 (Windows NT 10.0; Win64; x64) AppleWebKit/537.36 (KHTML, like Gecko) Chrome/78.0.3904.97 Safari/537.36"
::1 - - [19/Nov/2019:16:00:23 +0800] "GET /phpmyadmin/js/vendor/jquery/jquery-migrate.js?v=4.9.1 HTTP/1.1" 200 19092 "-" "Mozilla/5.0 (Windows NT 10.0; Win64; x64) AppleWebKit/537.36 (KHTML, like Gecko) Chrome/78.0.3904.97 Safari/537.36"
::1 - - [19/Nov/2019:16:00:23 +0800] "GET /phpmyadmin/js/vendor/js.cookie.js?v=4.9.1 HTTP/1.1" 200 3883 "-" "Mozilla/5.0 (Windows NT 10.0; Win64; x64) AppleWebKit/537.36 (KHTML, like Gecko) Chrome/78.0.3904.97 Safari/537.36"
::1 - - [19/Nov/2019:16:00:23 +0800] "GET /phpmyadmin/js/vendor/jquery/jquery.mousewheel.js?v=4.9.1 HTTP/1.1" 200 8267 "-" "Mozilla/5.0 (Windows NT 10.0; Win64; x64) AppleWebKit/537.36 (KHTML, like Gecko) Chrome/78.0.3904.97 Safari/537.36"
::1 - - [19/Nov/2019:16:00:23 +0800] "GET /phpmyadmin/js/vendor/jquery/jquery.event.drag-2.2.js?v=4.9.1 HTTP/1.1" 200 12826 "-" "Mozilla/5.0 (Windows NT 10.0; Win64; x64) AppleWebKit/537.36 (KHTML, like Gecko) Chrome/78.0.3904.97 Safari/537.36"
::1 - - [19/Nov/2019:16:00:23 +0800] "GET /phpmyadmin/js/vendor/jquery/jquery.validate.js?v=4.9.1 HTTP/1.1" 200 50690 "-" "Mozilla/5.0 (Windows NT 10.0; Win64; x64) AppleWebKit/537.36 (KHTML, like Gecko) Chrome/78.0.3904.97 Safari/537.36"
::1 - - [19/Nov/2019:16:00:23 +0800] "GET /phpmyadmin/js/ajax.js?v=4.9.1 HTTP/1.1" 200 31246 "-" "Mozilla/5.0 (Windows NT 10.0; Win64; x64) AppleWebKit/537.36 (KHTML, like Gecko) Chrome/78.0.3904.97 Safari/537.36"
::1 - - [19/Nov/2019:16:00:23 +0800] "GET /phpmyadmin/js/vendor/jquery/jquery-ui-timepicker-addon.js?v=4.9.1 HTTP/1.1" 200 78475 "-" "Mozilla/5.0 (Windows NT 10.0; Win64; x64) AppleWebKit/537.36 (KHTML, like Gecko) Chrome/78.0.3904.97 Safari/537.36"
::1 - - [19/Nov/2019:16:00:23 +0800] "GET /phpmyadmin/js/vendor/sprintf.js?v=4.9.1 HTTP/1.1" 200 7387 "-" "Mozilla/5.0 (Windows NT 10.0; Win64; x64) AppleWebKit/537.36 (KHTML, like Gecko) Chrome/78.0.3904.97 Safari/537.36"
::1 - - [19/Nov/2019:16:00:23 +0800] "GET /phpmyadmin/js/vendor/jquery/jquery.debounce-1.0.5.js?v=4.9.1 HTTP/1.1" 200 1169 "-" "Mozilla/5.0 (Windows NT 10.0; Win64; x64) AppleWebKit/537.36 (KHTML, like Gecko) Chrome/78.0.3904.97 Safari/537.36"
::1 - - [19/Nov/2019:16:00:23 +0800] "GET /phpmyadmin/js/menu-resizer.js?v=4.9.1 HTTP/1.1" 200 8318 "-" "Mozilla/5.0 (Windows NT 10.0; Win64; x64) AppleWebKit/537.36 (KHTML, like Gecko) Chrome/78.0.3904.97 Safari/537.36"
::1 - - [19/Nov/2019:16:00:23 +0800] "GET /phpmyadmin/js/cross_framing_protection.js?v=4.9.1 HTTP/1.1" 200 471 "-" "Mozilla/5.0 (Windows NT 10.0; Win64; x64) AppleWebKit/537.36 (KHTML, like Gecko) Chrome/78.0.3904.97 Safari/537.36"
::1 - - [19/Nov/2019:16:00:23 +0800] "GET /phpmyadmin/js/vendor/jquery/jquery.ba-hashchange-1.3.js?v=4.9.1 HTTP/1.1" 200 16522 "-" "Mozilla/5.0 (Windows NT 10.0; Win64; x64) AppleWebKit/537.36 (KHTML, like Gecko) Chrome/78.0.3904.97 Safari/537.36"
::1 - - [19/Nov/2019:16:00:23 +0800] "GET /phpmyadmin/js/vendor/tracekit.js?v=4.9.1 HTTP/1.1" 200 45389 "-" "Mozilla/5.0 (Windows NT 10.0; Win64; x64) AppleWebKit/537.36 (KHTML, like Gecko) Chrome/78.0.3904.97 Safari/537.36"
::1 - - [19/Nov/2019:16:00:23 +0800] "GET /phpmyadmin/js/rte.js?v=4.9.1 HTTP/1.1" 200 47688 "-" "Mozilla/5.0 (Windows NT 10.0; Win64; x64) AppleWebKit/537.36 (KHTML, like Gecko) Chrome/78.0.3904.97 Safari/537.36"
::1 - - [19/Nov/2019:16:00:23 +0800] "GET /phpmyadmin/js/error_report.js?v=4.9.1 HTTP/1.1" 200 10837 "-" "Mozilla/5.0 (Windows NT 10.0; Win64; x64) AppleWebKit/537.36 (KHTML, like Gecko) Chrome/78.0.3904.97 Safari/537.36"
::1 - - [19/Nov/2019:16:00:23 +0800] "GET /phpmyadmin/js/doclinks.js?v=4.9.1 HTTP/1.1" 200 20643 "-" "Mozilla/5.0 (Windows NT 10.0; Win64; x64) AppleWebKit/537.36 (KHTML, like Gecko) Chrome/78.0.3904.97 Safari/537.36"
::1 - - [19/Nov/2019:16:00:23 +0800] "GET /phpmyadmin/js/config.js?v=4.9.1 HTTP/1.1" 200 27526 "-" "Mozilla/5.0 (Windows NT 10.0; Win64; x64) AppleWebKit/537.36 (KHTML, like Gecko) Chrome/78.0.3904.97 Safari/537.36"
::1 - - [19/Nov/2019:16:00:23 +0800] "GET /phpmyadmin/js/functions.js?v=4.9.1 HTTP/1.1" 200 175177 "-" "Mozilla/5.0 (Windows NT 10.0; Win64; x64) AppleWebKit/537.36 (KHTML, like Gecko) Chrome/78.0.3904.97 Safari/537.36"
::1 - - [19/Nov/2019:16:00:23 +0800] "GET /phpmyadmin/js/navigation.js?v=4.9.1 HTTP/1.1" 200 60012 "-" "Mozilla/5.0 (Windows NT 10.0; Win64; x64) AppleWebKit/537.36 (KHTML, like Gecko) Chrome/78.0.3904.97 Safari/537.36"
::1 - - [19/Nov/2019:16:00:23 +0800] "GET /phpmyadmin/js/indexes.js?v=4.9.1 HTTP/1.1" 200 27654 "-" "Mozilla/5.0 (Windows NT 10.0; Win64; x64) AppleWebKit/537.36 (KHTML, like Gecko) Chrome/78.0.3904.97 Safari/537.36"
::1 - - [19/Nov/2019:16:00:23 +0800] "GET /phpmyadmin/js/common.js?v=4.9.1 HTTP/1.1" 200 19196 "-" "Mozilla/5.0 (Windows NT 10.0; Win64; x64) AppleWebKit/537.36 (KHTML, like Gecko) Chrome/78.0.3904.97 Safari/537.36"
::1 - - [19/Nov/2019:16:00:23 +0800] "GET /phpmyadmin/js/page_settings.js?v=4.9.1 HTTP/1.1" 200 1749 "-" "Mozilla/5.0 (Windows NT 10.0; Win64; x64) AppleWebKit/537.36 (KHTML, like Gecko) Chrome/78.0.3904.97 Safari/537.36"
::1 - - [19/Nov/2019:16:00:23 +0800] "GET /phpmyadmin/js/shortcuts_handler.js?v=4.9.1 HTTP/1.1" 200 3264 "-" "Mozilla/5.0 (Windows NT 10.0; Win64; x64) AppleWebKit/537.36 (KHTML, like Gecko) Chrome/78.0.3904.97 Safari/537.36"
::1 - - [19/Nov/2019:16:00:23 +0800] "GET /phpmyadmin/js/vendor/codemirror/addon/runmode/runmode.js?v=4.9.1 HTTP/1.1" 200 2500 "-" "Mozilla/5.0 (Windows NT 10.0; Win64; x64) AppleWebKit/537.36 (KHTML, like Gecko) Chrome/78.0.3904.97 Safari/537.36"
::1 - - [19/Nov/2019:16:00:23 +0800] "GET /phpmyadmin/js/vendor/codemirror/mode/sql/sql.js?v=4.9.1 HTTP/1.1" 200 47451 "-" "Mozilla/5.0 (Windows NT 10.0; Win64; x64) AppleWebKit/537.36 (KHTML, like Gecko) Chrome/78.0.3904.97 Safari/537.36"
::1 - - [19/Nov/2019:16:00:23 +0800] "GET /phpmyadmin/js/vendor/codemirror/lib/codemirror.js?v=4.9.1 HTTP/1.1" 200 395660 "-" "Mozilla/5.0 (Windows NT 10.0; Win64; x64) AppleWebKit/537.36 (KHTML, like Gecko) Chrome/78.0.3904.97 Safari/537.36"
::1 - - [19/Nov/2019:16:00:23 +0800] "GET /phpmyadmin/js/vendor/codemirror/addon/hint/show-hint.js?v=4.9.1 HTTP/1.1" 200 17378 "-" "Mozilla/5.0 (Windows NT 10.0; Win64; x64) AppleWebKit/537.36 (KHTML, like Gecko) Chrome/78.0.3904.97 Safari/537.36"
::1 - - [19/Nov/2019:16:00:23 +0800] "GET /phpmyadmin/js/vendor/codemirror/addon/hint/sql-hint.js?v=4.9.1 HTTP/1.1" 200 9599 "-" "Mozilla/5.0 (Windows NT 10.0; Win64; x64) AppleWebKit/537.36 (KHTML, like Gecko) Chrome/78.0.3904.97 Safari/537.36"
::1 - - [19/Nov/2019:16:00:23 +0800] "GET /phpmyadmin/js/vendor/codemirror/addon/lint/lint.js?v=4.9.1 HTTP/1.1" 200 8610 "-" "Mozilla/5.0 (Windows NT 10.0; Win64; x64) AppleWebKit/537.36 (KHTML, like Gecko) Chrome/78.0.3904.97 Safari/537.36"
::1 - - [19/Nov/2019:16:00:23 +0800] "GET /phpmyadmin/js/codemirror/addon/lint/sql-lint.js?v=4.9.1 HTTP/1.1" 200 1048 "-" "Mozilla/5.0 (Windows NT 10.0; Win64; x64) AppleWebKit/537.36 (KHTML, like Gecko) Chrome/78.0.3904.97 Safari/537.36"
::1 - - [19/Nov/2019:16:00:23 +0800] "GET /phpmyadmin/js/console.js?v=4.9.1 HTTP/1.1" 200 57280 "-" "Mozilla/5.0 (Windows NT 10.0; Win64; x64) AppleWebKit/537.36 (KHTML, like Gecko) Chrome/78.0.3904.97 Safari/537.36"
::1 - - [19/Nov/2019:16:00:23 +0800] "GET /phpmyadmin/themes/pmahomme/css/printview.css?v=4.9.1 HTTP/1.1" 200 2746 "-" "Mozilla/5.0 (Windows NT 10.0; Win64; x64) AppleWebKit/537.36 (KHTML, like Gecko) Chrome/78.0.3904.97 Safari/537.36"
::1 - - [19/Nov/2019:16:00:23 +0800] "GET /phpmyadmin/js/messages.php?l=en&v=4.9.1 HTTP/1.1" 200 8876 "-" "Mozilla/5.0 (Windows NT 10.0; Win64; x64) AppleWebKit/537.36 (KHTML, like Gecko) Chrome/78.0.3904.97 Safari/537.36"
::1 - - [19/Nov/2019:16:00:23 +0800] "GET /phpmyadmin/phpmyadmin.css.php?nocache=6156911904ltr&server=1 HTTP/1.1" 200 20812 "-" "Mozilla/5.0 (Windows NT 10.0; Win64; x64) AppleWebKit/537.36 (KHTML, like Gecko) Chrome/78.0.3904.97 Safari/537.36"
::1 - - [19/Nov/2019:16:00:23 +0800] "GET /phpmyadmin/js/whitelist.php?v=4.9.1 HTTP/1.1" 200 491 "-" "Mozilla/5.0 (Windows NT 10.0; Win64; x64) AppleWebKit/537.36 (KHTML, like Gecko) Chrome/78.0.3904.97 Safari/537.36"
::1 - - [19/Nov/2019:16:00:24 +0800] "POST /phpmyadmin/ajax.php HTTP/1.1" 200 1395 "-" "Mozilla/5.0 (Windows NT 10.0; Win64; x64) AppleWebKit/537.36 (KHTML, like Gecko) Chrome/78.0.3904.97 Safari/537.36"
::1 - - [19/Nov/2019:16:00:25 +0800] "POST /phpmyadmin/navigation.php?ajax_request=1 HTTP/1.1" 200 2050 "-" "Mozilla/5.0 (Windows NT 10.0; Win64; x64) AppleWebKit/537.36 (KHTML, like Gecko) Chrome/78.0.3904.97 Safari/537.36"
::1 - - [19/Nov/2019:16:00:25 +0800] "POST /phpmyadmin/ajax.php HTTP/1.1" 200 1493 "-" "Mozilla/5.0 (Windows NT 10.0; Win64; x64) AppleWebKit/537.36 (KHTML, like Gecko) Chrome/78.0.3904.97 Safari/537.36"
::1 - - [19/Nov/2019:16:00:25 +0800] "POST /phpmyadmin/ajax.php HTTP/1.1" 200 1387 "-" "Mozilla/5.0 (Windows NT 10.0; Win64; x64) AppleWebKit/537.36 (KHTML, like Gecko) Chrome/78.0.3904.97 Safari/537.36"
::1 - - [19/Nov/2019:16:00:25 +0800] "POST /phpmyadmin/version_check.php HTTP/1.1" 200 64 "-" "Mozilla/5.0 (Windows NT 10.0; Win64; x64) AppleWebKit/537.36 (KHTML, like Gecko) Chrome/78.0.3904.97 Safari/537.36"
::1 - - [19/Nov/2019:16:00:25 +0800] "POST /phpmyadmin/db_structure.php?ajax_request=1&favorite_table=1&sync_favorite_tables=1 HTTP/1.1" 200 137 "-" "Mozilla/5.0 (Windows NT 10.0; Win64; x64) AppleWebKit/537.36 (KHTML, like Gecko) Chrome/78.0.3904.97 Safari/537.36"
::1 - - [19/Nov/2019:16:02:21 +0800] "GET /phpmyadmin/ HTTP/1.1" 200 14239 "-" "Mozilla/5.0 (Windows NT 10.0; Win64; x64) AppleWebKit/537.36 (KHTML, like Gecko) Chrome/78.0.3904.97 Safari/537.36"
::1 - - [19/Nov/2019:16:02:21 +0800] "GET /phpmyadmin/phpmyadmin.css.php?nocache=6159397300ltr&server=1 HTTP/1.1" 200 20812 "-" "Mozilla/5.0 (Windows NT 10.0; Win64; x64) AppleWebKit/537.36 (KHTML, like Gecko) Chrome/78.0.3904.97 Safari/537.36"
::1 - - [19/Nov/2019:16:02:23 +0800] "POST /phpmyadmin/ajax.php HTTP/1.1" 200 1395 "-" "Mozilla/5.0 (Windows NT 10.0; Win64; x64) AppleWebKit/537.36 (KHTML, like Gecko) Chrome/78.0.3904.97 Safari/537.36"
::1 - - [19/Nov/2019:16:02:23 +0800] "POST /phpmyadmin/navigation.php?ajax_request=1 HTTP/1.1" 200 2050 "-" "Mozilla/5.0 (Windows NT 10.0; Win64; x64) AppleWebKit/537.36 (KHTML, like Gecko) Chrome/78.0.3904.97 Safari/537.36"
::1 - - [19/Nov/2019:16:02:23 +0800] "POST /phpmyadmin/ajax.php HTTP/1.1" 200 1493 "-" "Mozilla/5.0 (Windows NT 10.0; Win64; x64) AppleWebKit/537.36 (KHTML, like Gecko) Chrome/78.0.3904.97 Safari/537.36"
::1 - - [19/Nov/2019:16:02:23 +0800] "POST /phpmyadmin/ajax.php HTTP/1.1" 200 1387 "-" "Mozilla/5.0 (Windows NT 10.0; Win64; x64) AppleWebKit/537.36 (KHTML, like Gecko) Chrome/78.0.3904.97 Safari/537.36"
::1 - - [19/Nov/2019:16:02:23 +0800] "POST /phpmyadmin/version_check.php HTTP/1.1" 200 64 "-" "Mozilla/5.0 (Windows NT 10.0; Win64; x64) AppleWebKit/537.36 (KHTML, like Gecko) Chrome/78.0.3904.97 Safari/537.36"
::1 - - [19/Nov/2019:16:02:23 +0800] "POST /phpmyadmin/db_structure.php?ajax_request=1&favorite_table=1&sync_favorite_tables=1 HTTP/1.1" 200 137 "-" "Mozilla/5.0 (Windows NT 10.0; Win64; x64) AppleWebKit/537.36 (KHTML, like Gecko) Chrome/78.0.3904.97 Safari/537.36"
::1 - - [19/Nov/2019:16:03:53 +0800] "GET /mongoDB/v.php HTTP/1.1" 200 96926 "-" "Mozilla/5.0 (Windows NT 10.0; Win64; x64) AppleWebKit/537.36 (KHTML, like Gecko) Chrome/78.0.3904.97 Safari/537.36"
::1 - - [19/Nov/2019:16:04:41 +0800] "GET /mongoDB/v.php HTTP/1.1" 200 96926 "-" "Mozilla/5.0 (Windows NT 10.0; Win64; x64) AppleWebKit/537.36 (KHTML, like Gecko) Chrome/78.0.3904.97 Safari/537.36"
127.0.0.1 - - [19/Nov/2019:16:04:41 +0800] "GET /mongoDB/v.php HTTP/1.1" 200 96950 "-" "Mozilla/5.0 (Windows NT 10.0; Win64; x64) AppleWebKit/537.36 (KHTML, like Gecko) Chrome/78.0.3904.97 Safari/537.36"
127.0.0.1 - - [19/Nov/2019:16:04:41 +0800] "GET /mongoDB/v.php HTTP/1.1" 200 96950 "-" "Mozilla/5.0 (Windows NT 10.0; Win64; x64) AppleWebKit/537.36 (KHTML, like Gecko) Chrome/78.0.3904.97 Safari/537.36"
::1 - - [19/Nov/2019:16:06:03 +0800] "GET /mongoDB/database.php HTTP/1.1" 200 10 "-" "Mozilla/5.0 (Windows NT 10.0; Win64; x64) AppleWebKit/537.36 (KHTML, like Gecko) Chrome/78.0.3904.97 Safari/537.36"
::1 - - [19/Nov/2019:16:08:00 +0800] "GET /mongoDB/database.php HTTP/1.1" 200 541 "-" "Mozilla/5.0 (Windows NT 10.0; Win64; x64) AppleWebKit/537.36 (KHTML, like Gecko) Chrome/78.0.3904.97 Safari/537.36"
::1 - - [19/Nov/2019:16:09:30 +0800] "GET /mongoDB/database.php HTTP/1.1" 200 541 "-" "Mozilla/5.0 (Windows NT 10.0; Win64; x64) AppleWebKit/537.36 (KHTML, like Gecko) Chrome/78.0.3904.97 Safari/537.36"
::1 - - [19/Nov/2019:16:15:36 +0800] "GET /mongoDB/database.php HTTP/1.1" 200 221 "-" "Mozilla/5.0 (Windows NT 10.0; Win64; x64) AppleWebKit/537.36 (KHTML, like Gecko) Chrome/78.0.3904.97 Safari/537.36"
::1 - - [19/Nov/2019:16:16:42 +0800] "GET /mongoDB/database.php HTTP/1.1" 200 390 "-" "Mozilla/5.0 (Windows NT 10.0; Win64; x64) AppleWebKit/537.36 (KHTML, like Gecko) Chrome/78.0.3904.97 Safari/537.36"
::1 - - [19/Nov/2019:16:16:58 +0800] "GET /mongoDB/database.php HTTP/1.1" 200 390 "-" "Mozilla/5.0 (Windows NT 10.0; Win64; x64) AppleWebKit/537.36 (KHTML, like Gecko) Chrome/78.0.3904.97 Safari/537.36"
::1 - - [19/Nov/2019:16:16:58 +0800] "GET /mongoDB/database.php HTTP/1.1" 200 390 "-" "Mozilla/5.0 (Windows NT 10.0; Win64; x64) AppleWebKit/537.36 (KHTML, like Gecko) Chrome/78.0.3904.97 Safari/537.36"
::1 - - [19/Nov/2019:16:26:51 +0800] "GET /mongoDB/database.php HTTP/1.1" 200 145 "-" "Mozilla/5.0 (Windows NT 10.0; Win64; x64) AppleWebKit/537.36 (KHTML, like Gecko) Chrome/78.0.3904.97 Safari/537.36"
::1 - - [19/Nov/2019:16:27:45 +0800] "GET /mongoDB/database.php HTTP/1.1" 200 - "-" "Mozilla/5.0 (Windows NT 10.0; Win64; x64) AppleWebKit/537.36 (KHTML, like Gecko) Chrome/78.0.3904.97 Safari/537.36"
::1 - - [19/Nov/2019:16:27:45 +0800] "GET /mongoDB/database.php HTTP/1.1" 200 - "-" "Mozilla/5.0 (Windows NT 10.0; Win64; x64) AppleWebKit/537.36 (KHTML, like Gecko) Chrome/78.0.3904.97 Safari/537.36"
::1 - - [19/Nov/2019:16:27:46 +0800] "GET /mongoDB/database.php HTTP/1.1" 200 - "-" "Mozilla/5.0 (Windows NT 10.0; Win64; x64) AppleWebKit/537.36 (KHTML, like Gecko) Chrome/78.0.3904.97 Safari/537.36"
::1 - - [19/Nov/2019:16:27:46 +0800] "GET /mongoDB/database.php HTTP/1.1" 200 - "-" "Mozilla/5.0 (Windows NT 10.0; Win64; x64) AppleWebKit/537.36 (KHTML, like Gecko) Chrome/78.0.3904.97 Safari/537.36"
::1 - - [19/Nov/2019:16:27:46 +0800] "GET /mongoDB/database.php HTTP/1.1" 200 - "-" "Mozilla/5.0 (Windows NT 10.0; Win64; x64) AppleWebKit/537.36 (KHTML, like Gecko) Chrome/78.0.3904.97 Safari/537.36"
::1 - - [19/Nov/2019:16:29:46 +0800] "GET /mongoDB/database.php HTTP/1.1" 200 253 "-" "Mozilla/5.0 (Windows NT 10.0; Win64; x64) AppleWebKit/537.36 (KHTML, like Gecko) Chrome/78.0.3904.97 Safari/537.36"
::1 - - [19/Nov/2019:16:33:11 +0800] "GET /mongoDB/database.php HTTP/1.1" 200 253 "-" "Mozilla/5.0 (Windows NT 10.0; Win64; x64) AppleWebKit/537.36 (KHTML, like Gecko) Chrome/78.0.3904.97 Safari/537.36"
::1 - - [19/Nov/2019:16:33:39 +0800] "GET /mongoDB/database.php HTTP/1.1" 200 363 "-" "Mozilla/5.0 (Windows NT 10.0; Win64; x64) AppleWebKit/537.36 (KHTML, like Gecko) Chrome/78.0.3904.97 Safari/537.36"
::1 - - [19/Nov/2019:16:33:39 +0800] "GET /mongoDB/database.php HTTP/1.1" 200 363 "-" "Mozilla/5.0 (Windows NT 10.0; Win64; x64) AppleWebKit/537.36 (KHTML, like Gecko) Chrome/78.0.3904.97 Safari/537.36"
::1 - - [19/Nov/2019:16:36:03 +0800] "GET /mongoDB/database.php HTTP/1.1" 200 363 "-" "Mozilla/5.0 (Windows NT 10.0; Win64; x64) AppleWebKit/537.36 (KHTML, like Gecko) Chrome/78.0.3904.97 Safari/537.36"
::1 - - [19/Nov/2019:16:36:03 +0800] "GET /mongoDB/database.php HTTP/1.1" 200 363 "-" "Mozilla/5.0 (Windows NT 10.0; Win64; x64) AppleWebKit/537.36 (KHTML, like Gecko) Chrome/78.0.3904.97 Safari/537.36"
::1 - - [19/Nov/2019:16:36:03 +0800] "GET /mongoDB/database.php HTTP/1.1" 200 363 "-" "Mozilla/5.0 (Windows NT 10.0; Win64; x64) AppleWebKit/537.36 (KHTML, like Gecko) Chrome/78.0.3904.97 Safari/537.36"
::1 - - [19/Nov/2019:16:36:04 +0800] "GET /mongoDB/database.php HTTP/1.1" 200 363 "-" "Mozilla/5.0 (Windows NT 10.0; Win64; x64) AppleWebKit/537.36 (KHTML, like Gecko) Chrome/78.0.3904.97 Safari/537.36"
::1 - - [19/Nov/2019:16:37:08 +0800] "GET /mongoDB/v.php HTTP/1.1" 200 96926 "-" "Mozilla/5.0 (Windows NT 10.0; Win64; x64) AppleWebKit/537.36 (KHTML, like Gecko) Chrome/78.0.3904.97 Safari/537.36"
::1 - - [19/Nov/2019:16:40:34 +0800] "GET /mongoDB/database.php HTTP/1.1" 200 369 "-" "Mozilla/5.0 (Windows NT 10.0; Win64; x64) AppleWebKit/537.36 (KHTML, like Gecko) Chrome/78.0.3904.97 Safari/537.36"
::1 - - [19/Nov/2019:16:42:04 +0800] "GET /mongoDB/database.php HTTP/1.1" 200 399 "-" "Mozilla/5.0 (Windows NT 10.0; Win64; x64) AppleWebKit/537.36 (KHTML, like Gecko) Chrome/78.0.3904.97 Safari/537.36"
::1 - - [19/Nov/2019:16:42:05 +0800] "GET /mongoDB/database.php HTTP/1.1" 200 399 "-" "Mozilla/5.0 (Windows NT 10.0; Win64; x64) AppleWebKit/537.36 (KHTML, like Gecko) Chrome/78.0.3904.97 Safari/537.36"
::1 - - [19/Nov/2019:16:42:11 +0800] "GET /mongoDB/database.php HTTP/1.1" 200 393 "-" "Mozilla/5.0 (Windows NT 10.0; Win64; x64) AppleWebKit/537.36 (KHTML, like Gecko) Chrome/78.0.3904.97 Safari/537.36"
::1 - - [19/Nov/2019:16:42:28 +0800] "GET /mongoDB/database.php HTTP/1.1" 200 - "-" "Mozilla/5.0 (Windows NT 10.0; Win64; x64) AppleWebKit/537.36 (KHTML, like Gecko) Chrome/78.0.3904.97 Safari/537.36"
::1 - - [19/Nov/2019:16:42:29 +0800] "GET /mongoDB/database.php HTTP/1.1" 200 - "-" "Mozilla/5.0 (Windows NT 10.0; Win64; x64) AppleWebKit/537.36 (KHTML, like Gecko) Chrome/78.0.3904.97 Safari/537.36"
::1 - - [19/Nov/2019:16:42:29 +0800] "GET /mongoDB/database.php HTTP/1.1" 200 - "-" "Mozilla/5.0 (Windows NT 10.0; Win64; x64) AppleWebKit/537.36 (KHTML, like Gecko) Chrome/78.0.3904.97 Safari/537.36"
::1 - - [19/Nov/2019:16:42:57 +0800] "GET /mongoDB/database.php HTTP/1.1" 200 221 "-" "Mozilla/5.0 (Windows NT 10.0; Win64; x64) AppleWebKit/537.36 (KHTML, like Gecko) Chrome/78.0.3904.97 Safari/537.36"
::1 - - [19/Nov/2019:16:42:58 +0800] "GET /mongoDB/database.php HTTP/1.1" 200 221 "-" "Mozilla/5.0 (Windows NT 10.0; Win64; x64) AppleWebKit/537.36 (KHTML, like Gecko) Chrome/78.0.3904.97 Safari/537.36"
::1 - - [19/Nov/2019:16:42:58 +0800] "GET /mongoDB/database.php HTTP/1.1" 200 221 "-" "Mozilla/5.0 (Windows NT 10.0; Win64; x64) AppleWebKit/537.36 (KHTML, like Gecko) Chrome/78.0.3904.97 Safari/537.36"
::1 - - [19/Nov/2019:16:44:58 +0800] "GET /mongoDB/database.php HTTP/1.1" 200 - "-" "Mozilla/5.0 (Windows NT 10.0; Win64; x64) AppleWebKit/537.36 (KHTML, like Gecko) Chrome/78.0.3904.97 Safari/537.36"
::1 - - [19/Nov/2019:16:48:58 +0800] "GET /mongoDB/database.php HTTP/1.1" 200 191 "-" "Mozilla/5.0 (Windows NT 10.0; Win64; x64) AppleWebKit/537.36 (KHTML, like Gecko) Chrome/78.0.3904.97 Safari/537.36"
::1 - - [19/Nov/2019:17:09:52 +0800] "GET / HTTP/1.1" 200 996 "-" "Mozilla/5.0 (Windows NT 10.0; Win64; x64) AppleWebKit/537.36 (KHTML, like Gecko) Chrome/78.0.3904.97 Safari/537.36"
::1 - - [19/Nov/2019:17:09:57 +0800] "GET /mongoDB/ HTTP/1.1" 200 488 "http://localhost/" "Mozilla/5.0 (Windows NT 10.0; Win64; x64) AppleWebKit/537.36 (KHTML, like Gecko) Chrome/78.0.3904.97 Safari/537.36"
::1 - - [19/Nov/2019:17:10:02 +0800] "GET /mongoDB/database.php HTTP/1.1" 200 362 "-" "Mozilla/5.0 (Windows NT 10.0; Win64; x64) AppleWebKit/537.36 (KHTML, like Gecko) Chrome/78.0.3904.97 Safari/537.36"
::1 - - [19/Nov/2019:17:10:16 +0800] "GET /mongoDB/database.php HTTP/1.1" 200 398 "-" "Mozilla/5.0 (Windows NT 10.0; Win64; x64) AppleWebKit/537.36 (KHTML, like Gecko) Chrome/78.0.3904.97 Safari/537.36"
::1 - - [19/Nov/2019:17:24:52 +0800] "GET / HTTP/1.1" 200 996 "-" "Mozilla/5.0 (Windows NT 10.0; Win64; x64) AppleWebKit/537.36 (KHTML, like Gecko) Chrome/78.0.3904.97 Safari/537.36"
::1 - - [19/Nov/2019:17:24:54 +0800] "GET /mongoDB/ HTTP/1.1" 200 1060 "http://localhost/" "Mozilla/5.0 (Windows NT 10.0; Win64; x64) AppleWebKit/537.36 (KHTML, like Gecko) Chrome/78.0.3904.97 Safari/537.36"
::1 - - [19/Nov/2019:17:24:57 +0800] "GET /mongoDB/database.php HTTP/1.1" 200 764 "-" "Mozilla/5.0 (Windows NT 10.0; Win64; x64) AppleWebKit/537.36 (KHTML, like Gecko) Chrome/78.0.3904.97 Safari/537.36"
::1 - - [19/Nov/2019:17:26:47 +0800] "GET /mongoDB/database.php HTTP/1.1" 200 764 "-" "Mozilla/5.0 (Windows NT 10.0; Win64; x64) AppleWebKit/537.36 (KHTML, like Gecko) Chrome/78.0.3904.97 Safari/537.36"
::1 - - [19/Nov/2019:17:26:48 +0800] "GET /mongoDB/database.php HTTP/1.1" 200 764 "-" "Mozilla/5.0 (Windows NT 10.0; Win64; x64) AppleWebKit/537.36 (KHTML, like Gecko) Chrome/78.0.3904.97 Safari/537.36"
::1 - - [19/Nov/2019:17:26:49 +0800] "GET /mongoDB/database.php HTTP/1.1" 200 764 "-" "Mozilla/5.0 (Windows NT 10.0; Win64; x64) AppleWebKit/537.36 (KHTML, like Gecko) Chrome/78.0.3904.97 Safari/537.36"
::1 - - [19/Nov/2019:17:27:28 +0800] "GET / HTTP/1.1" 200 996 "-" "Mozilla/5.0 (Windows NT 10.0; Win64; x64) AppleWebKit/537.36 (KHTML, like Gecko) Chrome/78.0.3904.97 Safari/537.36"
::1 - - [19/Nov/2019:17:27:31 +0800] "GET /mongoDB/ HTTP/1.1" 200 546 "http://localhost/" "Mozilla/5.0 (Windows NT 10.0; Win64; x64) AppleWebKit/537.36 (KHTML, like Gecko) Chrome/78.0.3904.97 Safari/537.36"
::1 - - [19/Nov/2019:17:27:33 +0800] "GET /mongoDB/ HTTP/1.1" 200 546 "http://localhost/" "Mozilla/5.0 (Windows NT 10.0; Win64; x64) AppleWebKit/537.36 (KHTML, like Gecko) Chrome/78.0.3904.97 Safari/537.36"
::1 - - [19/Nov/2019:17:27:35 +0800] "GET /mongoDB/database.php HTTP/1.1" 200 398 "-" "Mozilla/5.0 (Windows NT 10.0; Win64; x64) AppleWebKit/537.36 (KHTML, like Gecko) Chrome/78.0.3904.97 Safari/537.36"
::1 - - [19/Nov/2019:17:27:46 +0800] "GET /mongoDB/database.php HTTP/1.1" 200 764 "-" "Mozilla/5.0 (Windows NT 10.0; Win64; x64) AppleWebKit/537.36 (KHTML, like Gecko) Chrome/78.0.3904.97 Safari/537.36"
::1 - - [19/Nov/2019:17:34:32 +0800] "GET /mongoDB/database.php HTTP/1.1" 200 764 "-" "Mozilla/5.0 (Windows NT 10.0; Win64; x64) AppleWebKit/537.36 (KHTML, like Gecko) Chrome/78.0.3904.97 Safari/537.36"
::1 - - [19/Nov/2019:17:35:14 +0800] "GET /mongoDB/database.php HTTP/1.1" 200 2 "-" "Mozilla/5.0 (Windows NT 10.0; Win64; x64) AppleWebKit/537.36 (KHTML, like Gecko) Chrome/78.0.3904.97 Safari/537.36"
::1 - - [19/Nov/2019:17:35:39 +0800] "GET /mongoDB/database.php HTTP/1.1" 200 221 "-" "Mozilla/5.0 (Windows NT 10.0; Win64; x64) AppleWebKit/537.36 (KHTML, like Gecko) Chrome/78.0.3904.97 Safari/537.36"
::1 - - [19/Nov/2019:17:36:49 +0800] "GET /mongoDB/database.php HTTP/1.1" 200 2 "-" "Mozilla/5.0 (Windows NT 10.0; Win64; x64) AppleWebKit/537.36 (KHTML, like Gecko) Chrome/78.0.3904.97 Safari/537.36"
::1 - - [19/Nov/2019:17:36:51 +0800] "GET /mongoDB/database.php HTTP/1.1" 200 2 "-" "Mozilla/5.0 (Windows NT 10.0; Win64; x64) AppleWebKit/537.36 (KHTML, like Gecko) Chrome/78.0.3904.97 Safari/537.36"
::1 - - [19/Nov/2019:17:39:53 +0800] "GET /mongoDB/database.php HTTP/1.1" 200 217 "-" "Mozilla/5.0 (Windows NT 10.0; Win64; x64) AppleWebKit/537.36 (KHTML, like Gecko) Chrome/78.0.3904.97 Safari/537.36"
::1 - - [19/Nov/2019:17:40:00 +0800] "GET /mongoDB/database.php HTTP/1.1" 200 217 "-" "Mozilla/5.0 (Windows NT 10.0; Win64; x64) AppleWebKit/537.36 (KHTML, like Gecko) Chrome/78.0.3904.97 Safari/537.36"
::1 - - [19/Nov/2019:17:41:14 +0800] "GET /mongoDB/database.php HTTP/1.1" 200 2 "-" "Mozilla/5.0 (Windows NT 10.0; Win64; x64) AppleWebKit/537.36 (KHTML, like Gecko) Chrome/78.0.3904.97 Safari/537.36"
::1 - - [19/Nov/2019:17:41:51 +0800] "GET /mongoDB/database.php HTTP/1.1" 200 357 "-" "Mozilla/5.0 (Windows NT 10.0; Win64; x64) AppleWebKit/537.36 (KHTML, like Gecko) Chrome/78.0.3904.97 Safari/537.36"
::1 - - [19/Nov/2019:17:42:00 +0800] "GET /mongoDB/database.php HTTP/1.1" 200 748 "-" "Mozilla/5.0 (Windows NT 10.0; Win64; x64) AppleWebKit/537.36 (KHTML, like Gecko) Chrome/78.0.3904.97 Safari/537.36"
::1 - - [19/Nov/2019:17:42:16 +0800] "GET /mongoDB/database.php HTTP/1.1" 200 748 "-" "Mozilla/5.0 (Windows NT 10.0; Win64; x64) AppleWebKit/537.36 (KHTML, like Gecko) Chrome/78.0.3904.97 Safari/537.36"
::1 - - [19/Nov/2019:17:42:17 +0800] "GET /mongoDB/database.php HTTP/1.1" 200 748 "-" "Mozilla/5.0 (Windows NT 10.0; Win64; x64) AppleWebKit/537.36 (KHTML, like Gecko) Chrome/78.0.3904.97 Safari/537.36"
::1 - - [19/Nov/2019:17:42:17 +0800] "GET /mongoDB/database.php HTTP/1.1" 200 748 "-" "Mozilla/5.0 (Windows NT 10.0; Win64; x64) AppleWebKit/537.36 (KHTML, like Gecko) Chrome/78.0.3904.97 Safari/537.36"
::1 - - [19/Nov/2019:17:45:44 +0800] "GET /mongoDB/database.php HTTP/1.1" 200 2 "-" "Mozilla/5.0 (Windows NT 10.0; Win64; x64) AppleWebKit/537.36 (KHTML, like Gecko) Chrome/78.0.3904.97 Safari/537.36"
::1 - - [19/Nov/2019:17:45:51 +0800] "GET /mongoDB/database.php HTTP/1.1" 200 2 "-" "Mozilla/5.0 (Windows NT 10.0; Win64; x64) AppleWebKit/537.36 (KHTML, like Gecko) Chrome/78.0.3904.97 Safari/537.36"
::1 - - [19/Nov/2019:17:46:50 +0800] "GET /mongoDB/database.php HTTP/1.1" 200 808 "-" "Mozilla/5.0 (Windows NT 10.0; Win64; x64) AppleWebKit/537.36 (KHTML, like Gecko) Chrome/78.0.3904.97 Safari/537.36"
::1 - - [19/Nov/2019:17:48:51 +0800] "GET /mongoDB/database.php HTTP/1.1" 200 808 "-" "Mozilla/5.0 (Windows NT 10.0; Win64; x64) AppleWebKit/537.36 (KHTML, like Gecko) Chrome/78.0.3904.97 Safari/537.36"
::1 - - [19/Nov/2019:17:48:51 +0800] "GET /mongoDB/database.php HTTP/1.1" 200 808 "-" "Mozilla/5.0 (Windows NT 10.0; Win64; x64) AppleWebKit/537.36 (KHTML, like Gecko) Chrome/78.0.3904.97 Safari/537.36"
::1 - - [19/Nov/2019:17:48:51 +0800] "GET /mongoDB/database.php HTTP/1.1" 200 808 "-" "Mozilla/5.0 (Windows NT 10.0; Win64; x64) AppleWebKit/537.36 (KHTML, like Gecko) Chrome/78.0.3904.97 Safari/537.36"
::1 - - [19/Nov/2019:17:49:57 +0800] "GET /mongoDB/database.php HTTP/1.1" 200 808 "-" "Mozilla/5.0 (Windows NT 10.0; Win64; x64) AppleWebKit/537.36 (KHTML, like Gecko) Chrome/78.0.3904.97 Safari/537.36"
::1 - - [19/Nov/2019:17:49:57 +0800] "GET /mongoDB/database.php HTTP/1.1" 200 808 "-" "Mozilla/5.0 (Windows NT 10.0; Win64; x64) AppleWebKit/537.36 (KHTML, like Gecko) Chrome/78.0.3904.97 Safari/537.36"
::1 - - [19/Nov/2019:17:49:58 +0800] "GET /mongoDB/database.php HTTP/1.1" 200 808 "-" "Mozilla/5.0 (Windows NT 10.0; Win64; x64) AppleWebKit/537.36 (KHTML, like Gecko) Chrome/78.0.3904.97 Safari/537.36"
::1 - - [19/Nov/2019:17:49:57 +0800] "GET /mongoDB/database.php HTTP/1.1" 200 808 "-" "Mozilla/5.0 (Windows NT 10.0; Win64; x64) AppleWebKit/537.36 (KHTML, like Gecko) Chrome/78.0.3904.97 Safari/537.36"
::1 - - [19/Nov/2019:17:49:58 +0800] "GET /mongoDB/database.php HTTP/1.1" 200 808 "-" "Mozilla/5.0 (Windows NT 10.0; Win64; x64) AppleWebKit/537.36 (KHTML, like Gecko) Chrome/78.0.3904.97 Safari/537.36"
::1 - - [19/Nov/2019:17:49:58 +0800] "GET /mongoDB/database.php HTTP/1.1" 200 808 "-" "Mozilla/5.0 (Windows NT 10.0; Win64; x64) AppleWebKit/537.36 (KHTML, like Gecko) Chrome/78.0.3904.97 Safari/537.36"
::1 - - [19/Nov/2019:17:50:09 +0800] "GET /mongoDB/database.php HTTP/1.1" 200 808 "-" "Mozilla/5.0 (Windows NT 10.0; Win64; x64) AppleWebKit/537.36 (KHTML, like Gecko) Chrome/78.0.3904.97 Safari/537.36"
::1 - - [19/Nov/2019:17:50:10 +0800] "GET /mongoDB/database.php HTTP/1.1" 200 808 "-" "Mozilla/5.0 (Windows NT 10.0; Win64; x64) AppleWebKit/537.36 (KHTML, like Gecko) Chrome/78.0.3904.97 Safari/537.36"
::1 - - [19/Nov/2019:17:50:10 +0800] "GET /mongoDB/database.php HTTP/1.1" 200 808 "-" "Mozilla/5.0 (Windows NT 10.0; Win64; x64) AppleWebKit/537.36 (KHTML, like Gecko) Chrome/78.0.3904.97 Safari/537.36"
::1 - - [19/Nov/2019:17:50:10 +0800] "GET /mongoDB/database.php HTTP/1.1" 200 808 "-" "Mozilla/5.0 (Windows NT 10.0; Win64; x64) AppleWebKit/537.36 (KHTML, like Gecko) Chrome/78.0.3904.97 Safari/537.36"
::1 - - [19/Nov/2019:17:50:29 +0800] "GET /mongoDB/database.php HTTP/1.1" 200 100 "-" "Mozilla/5.0 (Windows NT 10.0; Win64; x64) AppleWebKit/537.36 (KHTML, like Gecko) Chrome/78.0.3904.97 Safari/537.36"
::1 - - [19/Nov/2019:17:54:52 +0800] "GET /mongoDB/database.php HTTP/1.1" 200 245 "-" "Mozilla/5.0 (Windows NT 10.0; Win64; x64) AppleWebKit/537.36 (KHTML, like Gecko) Chrome/78.0.3904.97 Safari/537.36"
::1 - - [19/Nov/2019:17:55:00 +0800] "GET /mongoDB/database.php HTTP/1.1" 200 762 "-" "Mozilla/5.0 (Windows NT 10.0; Win64; x64) AppleWebKit/537.36 (KHTML, like Gecko) Chrome/78.0.3904.97 Safari/537.36"
::1 - - [19/Nov/2019:17:55:10 +0800] "GET /mongoDB/database.php HTTP/1.1" 200 147 "-" "Mozilla/5.0 (Windows NT 10.0; Win64; x64) AppleWebKit/537.36 (KHTML, like Gecko) Chrome/78.0.3904.97 Safari/537.36"
::1 - - [23/Nov/2019:13:05:02 +0800] "GET / HTTP/1.1" 200 996 "-" "Mozilla/5.0 (Windows NT 10.0; Win64; x64) AppleWebKit/537.36 (KHTML, like Gecko) Chrome/78.0.3904.108 Safari/537.36"
::1 - - [23/Nov/2019:13:05:02 +0800] "GET /favicon.ico HTTP/1.1" 404 1176 "http://localhost/" "Mozilla/5.0 (Windows NT 10.0; Win64; x64) AppleWebKit/537.36 (KHTML, like Gecko) Chrome/78.0.3904.108 Safari/537.36"
::1 - - [23/Nov/2019:13:05:04 +0800] "GET /mongoDB/ HTTP/1.1" 200 2586 "http://localhost/" "Mozilla/5.0 (Windows NT 10.0; Win64; x64) AppleWebKit/537.36 (KHTML, like Gecko) Chrome/78.0.3904.108 Safari/537.36"
::1 - - [23/Nov/2019:13:05:07 +0800] "GET /mongoDB/database.php HTTP/1.1" 200 335 "-" "Mozilla/5.0 (Windows NT 10.0; Win64; x64) AppleWebKit/537.36 (KHTML, like Gecko) Chrome/78.0.3904.108 Safari/537.36"
::1 - - [24/Nov/2019:20:39:45 +0800] "GET / HTTP/1.1" 200 996 "-" "Mozilla/5.0 (Windows NT 10.0; Win64; x64) AppleWebKit/537.36 (KHTML, like Gecko) Chrome/78.0.3904.108 Safari/537.36"
::1 - - [24/Nov/2019:20:39:47 +0800] "GET /favicon.ico HTTP/1.1" 404 1176 "http://localhost/" "Mozilla/5.0 (Windows NT 10.0; Win64; x64) AppleWebKit/537.36 (KHTML, like Gecko) Chrome/78.0.3904.108 Safari/537.36"
::1 - - [24/Nov/2019:20:39:48 +0800] "GET /mongoDB/ HTTP/1.1" 200 2680 "http://localhost/" "Mozilla/5.0 (Windows NT 10.0; Win64; x64) AppleWebKit/537.36 (KHTML, like Gecko) Chrome/78.0.3904.108 Safari/537.36"
::1 - - [24/Nov/2019:20:39:59 +0800] "GET / HTTP/1.1" 200 996 "-" "Mozilla/5.0 (Windows NT 10.0; Win64; x64) AppleWebKit/537.36 (KHTML, like Gecko) Chrome/78.0.3904.108 Safari/537.36"
::1 - - [24/Nov/2019:20:41:19 +0800] "GET /mongoDB/loan.php HTTP/1.1" 200 2541 "http://localhost/mongoDB/" "Mozilla/5.0 (Windows NT 10.0; Win64; x64) AppleWebKit/537.36 (KHTML, like Gecko) Chrome/78.0.3904.108 Safari/537.36"
::1 - - [24/Nov/2019:20:41:20 +0800] "GET /mongoDB/GES.php HTTP/1.1" 200 2585 "http://localhost/mongoDB/loan.php" "Mozilla/5.0 (Windows NT 10.0; Win64; x64) AppleWebKit/537.36 (KHTML, like Gecko) Chrome/78.0.3904.108 Safari/537.36"
::1 - - [24/Nov/2019:20:47:45 +0800] "GET /phpmyadmin/ HTTP/1.1" 200 14240 "-" "Mozilla/5.0 (Windows NT 10.0; Win64; x64) AppleWebKit/537.36 (KHTML, like Gecko) Chrome/78.0.3904.108 Safari/537.36"
::1 - - [24/Nov/2019:20:47:47 +0800] "GET /phpmyadmin/js/messages.php?l=en&v=4.9.1 HTTP/1.1" 200 8876 "-" "Mozilla/5.0 (Windows NT 10.0; Win64; x64) AppleWebKit/537.36 (KHTML, like Gecko) Chrome/78.0.3904.108 Safari/537.36"
::1 - - [24/Nov/2019:20:47:47 +0800] "GET /phpmyadmin/phpmyadmin.css.php?nocache=6159397418ltr&server=1 HTTP/1.1" 200 20812 "-" "Mozilla/5.0 (Windows NT 10.0; Win64; x64) AppleWebKit/537.36 (KHTML, like Gecko) Chrome/78.0.3904.108 Safari/537.36"
::1 - - [24/Nov/2019:20:47:47 +0800] "GET /phpmyadmin/js/whitelist.php?v=4.9.1 HTTP/1.1" 200 491 "-" "Mozilla/5.0 (Windows NT 10.0; Win64; x64) AppleWebKit/537.36 (KHTML, like Gecko) Chrome/78.0.3904.108 Safari/537.36"
::1 - - [24/Nov/2019:20:47:48 +0800] "POST /phpmyadmin/ajax.php HTTP/1.1" 200 1394 "-" "Mozilla/5.0 (Windows NT 10.0; Win64; x64) AppleWebKit/537.36 (KHTML, like Gecko) Chrome/78.0.3904.108 Safari/537.36"
::1 - - [24/Nov/2019:20:47:48 +0800] "POST /phpmyadmin/navigation.php?ajax_request=1 HTTP/1.1" 200 2049 "-" "Mozilla/5.0 (Windows NT 10.0; Win64; x64) AppleWebKit/537.36 (KHTML, like Gecko) Chrome/78.0.3904.108 Safari/537.36"
::1 - - [24/Nov/2019:20:47:48 +0800] "POST /phpmyadmin/ajax.php HTTP/1.1" 200 1492 "-" "Mozilla/5.0 (Windows NT 10.0; Win64; x64) AppleWebKit/537.36 (KHTML, like Gecko) Chrome/78.0.3904.108 Safari/537.36"
::1 - - [24/Nov/2019:20:47:48 +0800] "POST /phpmyadmin/ajax.php HTTP/1.1" 200 1385 "-" "Mozilla/5.0 (Windows NT 10.0; Win64; x64) AppleWebKit/537.36 (KHTML, like Gecko) Chrome/78.0.3904.108 Safari/537.36"
::1 - - [24/Nov/2019:20:47:48 +0800] "POST /phpmyadmin/version_check.php HTTP/1.1" 200 64 "-" "Mozilla/5.0 (Windows NT 10.0; Win64; x64) AppleWebKit/537.36 (KHTML, like Gecko) Chrome/78.0.3904.108 Safari/537.36"
::1 - - [24/Nov/2019:20:47:48 +0800] "POST /phpmyadmin/db_structure.php?ajax_request=1&favorite_table=1&sync_favorite_tables=1 HTTP/1.1" 200 137 "-" "Mozilla/5.0 (Windows NT 10.0; Win64; x64) AppleWebKit/537.36 (KHTML, like Gecko) Chrome/78.0.3904.108 Safari/537.36"
::1 - - [24/Nov/2019:20:47:54 +0800] "GET /phpmyadmin/ HTTP/1.1" 200 14240 "-" "Mozilla/5.0 (Windows NT 10.0; Win64; x64) AppleWebKit/537.36 (KHTML, like Gecko) Chrome/78.0.3904.108 Safari/537.36"
::1 - - [24/Nov/2019:20:47:54 +0800] "GET /phpmyadmin/phpmyadmin.css.php?nocache=6159846544ltr&server=1 HTTP/1.1" 200 20812 "-" "Mozilla/5.0 (Windows NT 10.0; Win64; x64) AppleWebKit/537.36 (KHTML, like Gecko) Chrome/78.0.3904.108 Safari/537.36"
::1 - - [24/Nov/2019:20:47:56 +0800] "POST /phpmyadmin/ajax.php HTTP/1.1" 200 1394 "-" "Mozilla/5.0 (Windows NT 10.0; Win64; x64) AppleWebKit/537.36 (KHTML, like Gecko) Chrome/78.0.3904.108 Safari/537.36"
::1 - - [24/Nov/2019:20:47:56 +0800] "POST /phpmyadmin/navigation.php?ajax_request=1 HTTP/1.1" 200 2049 "-" "Mozilla/5.0 (Windows NT 10.0; Win64; x64) AppleWebKit/537.36 (KHTML, like Gecko) Chrome/78.0.3904.108 Safari/537.36"
::1 - - [24/Nov/2019:20:47:56 +0800] "POST /phpmyadmin/ajax.php HTTP/1.1" 200 1492 "-" "Mozilla/5.0 (Windows NT 10.0; Win64; x64) AppleWebKit/537.36 (KHTML, like Gecko) Chrome/78.0.3904.108 Safari/537.36"
::1 - - [24/Nov/2019:20:47:57 +0800] "POST /phpmyadmin/ajax.php HTTP/1.1" 200 1385 "-" "Mozilla/5.0 (Windows NT 10.0; Win64; x64) AppleWebKit/537.36 (KHTML, like Gecko) Chrome/78.0.3904.108 Safari/537.36"
::1 - - [24/Nov/2019:20:47:57 +0800] "POST /phpmyadmin/version_check.php HTTP/1.1" 200 64 "-" "Mozilla/5.0 (Windows NT 10.0; Win64; x64) AppleWebKit/537.36 (KHTML, like Gecko) Chrome/78.0.3904.108 Safari/537.36"
::1 - - [24/Nov/2019:20:47:57 +0800] "POST /phpmyadmin/db_structure.php?ajax_request=1&favorite_table=1&sync_favorite_tables=1 HTTP/1.1" 200 137 "-" "Mozilla/5.0 (Windows NT 10.0; Win64; x64) AppleWebKit/537.36 (KHTML, like Gecko) Chrome/78.0.3904.108 Safari/537.36"
::1 - - [24/Nov/2019:20:57:40 +0800] "GET / HTTP/1.1" 200 996 "-" "Mozilla/5.0 (Windows NT 10.0; Win64; x64) AppleWebKit/537.36 (KHTML, like Gecko) Chrome/78.0.3904.108 Safari/537.36"
::1 - - [24/Nov/2019:20:57:41 +0800] "GET /favicon.ico HTTP/1.1" 404 1176 "http://localhost/" "Mozilla/5.0 (Windows NT 10.0; Win64; x64) AppleWebKit/537.36 (KHTML, like Gecko) Chrome/78.0.3904.108 Safari/537.36"
::1 - - [24/Nov/2019:20:57:47 +0800] "GET /mongoDB/database.php HTTP/1.1" 200 2 "-" "Mozilla/5.0 (Windows NT 10.0; Win64; x64) AppleWebKit/537.36 (KHTML, like Gecko) Chrome/78.0.3904.108 Safari/537.36"
::1 - - [24/Nov/2019:20:58:44 +0800] "GET /phpmyadmin/ HTTP/1.1" 200 14240 "-" "Mozilla/5.0 (Windows NT 10.0; Win64; x64) AppleWebKit/537.36 (KHTML, like Gecko) Chrome/78.0.3904.108 Safari/537.36"
::1 - - [24/Nov/2019:20:58:44 +0800] "GET /phpmyadmin/phpmyadmin.css.php?nocache=6159846552ltr&server=1 HTTP/1.1" 200 20812 "-" "Mozilla/5.0 (Windows NT 10.0; Win64; x64) AppleWebKit/537.36 (KHTML, like Gecko) Chrome/78.0.3904.108 Safari/537.36"
::1 - - [24/Nov/2019:20:58:45 +0800] "POST /phpmyadmin/ajax.php HTTP/1.1" 200 1394 "-" "Mozilla/5.0 (Windows NT 10.0; Win64; x64) AppleWebKit/537.36 (KHTML, like Gecko) Chrome/78.0.3904.108 Safari/537.36"
::1 - - [24/Nov/2019:20:58:45 +0800] "POST /phpmyadmin/navigation.php?ajax_request=1 HTTP/1.1" 200 2049 "-" "Mozilla/5.0 (Windows NT 10.0; Win64; x64) AppleWebKit/537.36 (KHTML, like Gecko) Chrome/78.0.3904.108 Safari/537.36"
::1 - - [24/Nov/2019:20:58:45 +0800] "POST /phpmyadmin/ajax.php HTTP/1.1" 200 1492 "-" "Mozilla/5.0 (Windows NT 10.0; Win64; x64) AppleWebKit/537.36 (KHTML, like Gecko) Chrome/78.0.3904.108 Safari/537.36"
::1 - - [24/Nov/2019:20:58:46 +0800] "POST /phpmyadmin/ajax.php HTTP/1.1" 200 1385 "-" "Mozilla/5.0 (Windows NT 10.0; Win64; x64) AppleWebKit/537.36 (KHTML, like Gecko) Chrome/78.0.3904.108 Safari/537.36"
::1 - - [24/Nov/2019:20:58:46 +0800] "POST /phpmyadmin/version_check.php HTTP/1.1" 200 64 "-" "Mozilla/5.0 (Windows NT 10.0; Win64; x64) AppleWebKit/537.36 (KHTML, like Gecko) Chrome/78.0.3904.108 Safari/537.36"
::1 - - [24/Nov/2019:20:58:46 +0800] "POST /phpmyadmin/db_structure.php?ajax_request=1&favorite_table=1&sync_favorite_tables=1 HTTP/1.1" 200 137 "-" "Mozilla/5.0 (Windows NT 10.0; Win64; x64) AppleWebKit/537.36 (KHTML, like Gecko) Chrome/78.0.3904.108 Safari/537.36"
::1 - - [24/Nov/2019:21:07:57 +0800] "GET / HTTP/1.1" 200 996 "-" "Mozilla/5.0 (Windows NT 10.0; Win64; x64) AppleWebKit/537.36 (KHTML, like Gecko) Chrome/78.0.3904.108 Safari/537.36"
::1 - - [24/Nov/2019:21:08:08 +0800] "GET /mongoDB/database.php HTTP/1.1" 200 509 "-" "Mozilla/5.0 (Windows NT 10.0; Win64; x64) AppleWebKit/537.36 (KHTML, like Gecko) Chrome/78.0.3904.108 Safari/537.36"
::1 - - [24/Nov/2019:21:08:24 +0800] "GET /mongoDB/database.php HTTP/1.1" 200 365 "-" "Mozilla/5.0 (Windows NT 10.0; Win64; x64) AppleWebKit/537.36 (KHTML, like Gecko) Chrome/78.0.3904.108 Safari/537.36"
::1 - - [24/Nov/2019:21:09:09 +0800] "GET /mongoDB/database.php HTTP/1.1" 200 128 "-" "Mozilla/5.0 (Windows NT 10.0; Win64; x64) AppleWebKit/537.36 (KHTML, like Gecko) Chrome/78.0.3904.108 Safari/537.36"
::1 - - [24/Nov/2019:21:09:19 +0800] "GET /mongoDB/database.php HTTP/1.1" 200 1268 "-" "Mozilla/5.0 (Windows NT 10.0; Win64; x64) AppleWebKit/537.36 (KHTML, like Gecko) Chrome/78.0.3904.108 Safari/537.36"
::1 - - [24/Nov/2019:21:09:32 +0800] "GET /mongoDB/database.php HTTP/1.1" 200 653 "-" "Mozilla/5.0 (Windows NT 10.0; Win64; x64) AppleWebKit/537.36 (KHTML, like Gecko) Chrome/78.0.3904.108 Safari/537.36"
::1 - - [24/Nov/2019:21:14:46 +0800] "GET /mongoDB/dataconversion.php HTTP/1.1" 200 4 "-" "Mozilla/5.0 (Windows NT 10.0; Win64; x64) AppleWebKit/537.36 (KHTML, like Gecko) Chrome/78.0.3904.108 Safari/537.36"
::1 - - [24/Nov/2019:21:16:50 +0800] "GET /mongoDB/dataconversion.php HTTP/1.1" 200 554 "-" "Mozilla/5.0 (Windows NT 10.0; Win64; x64) AppleWebKit/537.36 (KHTML, like Gecko) Chrome/78.0.3904.108 Safari/537.36"
::1 - - [24/Nov/2019:21:17:43 +0800] "GET /mongoDB/database.php HTTP/1.1" 404 1054 "-" "Mozilla/5.0 (Windows NT 10.0; Win64; x64) AppleWebKit/537.36 (KHTML, like Gecko) Chrome/78.0.3904.108 Safari/537.36"
::1 - - [24/Nov/2019:21:17:46 +0800] "GET /mongoDB/dataconversion.php HTTP/1.1" 200 4 "-" "Mozilla/5.0 (Windows NT 10.0; Win64; x64) AppleWebKit/537.36 (KHTML, like Gecko) Chrome/78.0.3904.108 Safari/537.36"
::1 - - [24/Nov/2019:21:21:04 +0800] "GET /phpmyadmin/ HTTP/1.1" 200 14240 "-" "Mozilla/5.0 (Windows NT 10.0; Win64; x64) AppleWebKit/537.36 (KHTML, like Gecko) Chrome/78.0.3904.108 Safari/537.36"
::1 - - [24/Nov/2019:21:21:05 +0800] "GET /mongoDB/dataconversion.php HTTP/1.1" 200 506 "-" "Mozilla/5.0 (Windows NT 10.0; Win64; x64) AppleWebKit/537.36 (KHTML, like Gecko) Chrome/78.0.3904.108 Safari/537.36"
::1 - - [24/Nov/2019:21:21:05 +0800] "GET /phpmyadmin/phpmyadmin.css.php?nocache=6159847201ltr&server=1 HTTP/1.1" 200 20812 "-" "Mozilla/5.0 (Windows NT 10.0; Win64; x64) AppleWebKit/537.36 (KHTML, like Gecko) Chrome/78.0.3904.108 Safari/537.36"
::1 - - [24/Nov/2019:21:21:06 +0800] "POST /phpmyadmin/ajax.php HTTP/1.1" 200 1394 "-" "Mozilla/5.0 (Windows NT 10.0; Win64; x64) AppleWebKit/537.36 (KHTML, like Gecko) Chrome/78.0.3904.108 Safari/537.36"
::1 - - [24/Nov/2019:21:21:06 +0800] "POST /phpmyadmin/navigation.php?ajax_request=1 HTTP/1.1" 200 2049 "-" "Mozilla/5.0 (Windows NT 10.0; Win64; x64) AppleWebKit/537.36 (KHTML, like Gecko) Chrome/78.0.3904.108 Safari/537.36"
::1 - - [24/Nov/2019:21:21:06 +0800] "POST /phpmyadmin/ajax.php HTTP/1.1" 200 1492 "-" "Mozilla/5.0 (Windows NT 10.0; Win64; x64) AppleWebKit/537.36 (KHTML, like Gecko) Chrome/78.0.3904.108 Safari/537.36"
::1 - - [24/Nov/2019:21:21:07 +0800] "POST /phpmyadmin/ajax.php HTTP/1.1" 200 1385 "-" "Mozilla/5.0 (Windows NT 10.0; Win64; x64) AppleWebKit/537.36 (KHTML, like Gecko) Chrome/78.0.3904.108 Safari/537.36"
::1 - - [24/Nov/2019:21:21:07 +0800] "POST /phpmyadmin/version_check.php HTTP/1.1" 200 64 "-" "Mozilla/5.0 (Windows NT 10.0; Win64; x64) AppleWebKit/537.36 (KHTML, like Gecko) Chrome/78.0.3904.108 Safari/537.36"
::1 - - [24/Nov/2019:21:21:07 +0800] "POST /phpmyadmin/db_structure.php?ajax_request=1&favorite_table=1&sync_favorite_tables=1 HTTP/1.1" 200 137 "-" "Mozilla/5.0 (Windows NT 10.0; Win64; x64) AppleWebKit/537.36 (KHTML, like Gecko) Chrome/78.0.3904.108 Safari/537.36"
::1 - - [24/Nov/2019:21:21:29 +0800] "GET /mongoDB/dataconversion.php HTTP/1.1" 200 4 "-" "Mozilla/5.0 (Windows NT 10.0; Win64; x64) AppleWebKit/537.36 (KHTML, like Gecko) Chrome/78.0.3904.108 Safari/537.36"
::1 - - [24/Nov/2019:21:24:06 +0800] "GET /mongoDB/dataconversion.php HTTP/1.1" 200 4 "-" "Mozilla/5.0 (Windows NT 10.0; Win64; x64) AppleWebKit/537.36 (KHTML, like Gecko) Chrome/78.0.3904.108 Safari/537.36"
::1 - - [24/Nov/2019:21:25:04 +0800] "GET /mongoDB/dataconversion.php HTTP/1.1" 200 126477 "-" "Mozilla/5.0 (Windows NT 10.0; Win64; x64) AppleWebKit/537.36 (KHTML, like Gecko) Chrome/78.0.3904.108 Safari/537.36"
::1 - - [24/Nov/2019:21:25:14 +0800] "GET /mongoDB/dataconversion.php HTTP/1.1" 200 4 "-" "Mozilla/5.0 (Windows NT 10.0; Win64; x64) AppleWebKit/537.36 (KHTML, like Gecko) Chrome/78.0.3904.108 Safari/537.36"
::1 - - [24/Nov/2019:23:23:33 +0800] "GET / HTTP/1.1" 200 996 "-" "Mozilla/5.0 (Windows NT 10.0; Win64; x64) AppleWebKit/537.36 (KHTML, like Gecko) Chrome/78.0.3904.108 Safari/537.36"
::1 - - [24/Nov/2019:23:23:34 +0800] "GET /favicon.ico HTTP/1.1" 404 1176 "http://localhost/" "Mozilla/5.0 (Windows NT 10.0; Win64; x64) AppleWebKit/537.36 (KHTML, like Gecko) Chrome/78.0.3904.108 Safari/537.36"
::1 - - [24/Nov/2019:23:23:35 +0800] "GET /mongoDB/ HTTP/1.1" 200 2300 "http://localhost/" "Mozilla/5.0 (Windows NT 10.0; Win64; x64) AppleWebKit/537.36 (KHTML, like Gecko) Chrome/78.0.3904.108 Safari/537.36"
::1 - - [24/Nov/2019:23:23:37 +0800] "GET /mongoDB/loan.php HTTP/1.1" 200 2473 "http://localhost/mongoDB/" "Mozilla/5.0 (Windows NT 10.0; Win64; x64) AppleWebKit/537.36 (KHTML, like Gecko) Chrome/78.0.3904.108 Safari/537.36"
::1 - - [24/Nov/2019:23:23:42 +0800] "GET /loan.php?search=&order_by= HTTP/1.1" 404 1208 "http://localhost/mongoDB/loan.php" "Mozilla/5.0 (Windows NT 10.0; Win64; x64) AppleWebKit/537.36 (KHTML, like Gecko) Chrome/78.0.3904.108 Safari/537.36"
::1 - - [24/Nov/2019:23:23:49 +0800] "GET /mongoDB/loan.php HTTP/1.1" 200 2473 "http://localhost/mongoDB/" "Mozilla/5.0 (Windows NT 10.0; Win64; x64) AppleWebKit/537.36 (KHTML, like Gecko) Chrome/78.0.3904.108 Safari/537.36"
::1 - - [24/Nov/2019:23:23:59 +0800] "GET /mongoDB/loan.php HTTP/1.1" 200 7398 "http://localhost/mongoDB/" "Mozilla/5.0 (Windows NT 10.0; Win64; x64) AppleWebKit/537.36 (KHTML, like Gecko) Chrome/78.0.3904.108 Safari/537.36"
::1 - - [24/Nov/2019:23:24:26 +0800] "GET /mongoDB/loan.php HTTP/1.1" 200 6451 "http://localhost/mongoDB/" "Mozilla/5.0 (Windows NT 10.0; Win64; x64) AppleWebKit/537.36 (KHTML, like Gecko) Chrome/78.0.3904.108 Safari/537.36"
::1 - - [24/Nov/2019:23:24:27 +0800] "GET /mongoDB/loan.php HTTP/1.1" 200 6451 "http://localhost/mongoDB/" "Mozilla/5.0 (Windows NT 10.0; Win64; x64) AppleWebKit/537.36 (KHTML, like Gecko) Chrome/78.0.3904.108 Safari/537.36"
::1 - - [24/Nov/2019:23:25:13 +0800] "GET /mongoDB/loan.php HTTP/1.1" 200 2721 "http://localhost/mongoDB/" "Mozilla/5.0 (Windows NT 10.0; Win64; x64) AppleWebKit/537.36 (KHTML, like Gecko) Chrome/78.0.3904.108 Safari/537.36"
::1 - - [24/Nov/2019:23:25:37 +0800] "GET /mongoDB/loan.php HTTP/1.1" 200 2721 "http://localhost/mongoDB/" "Mozilla/5.0 (Windows NT 10.0; Win64; x64) AppleWebKit/537.36 (KHTML, like Gecko) Chrome/78.0.3904.108 Safari/537.36"
::1 - - [24/Nov/2019:23:25:38 +0800] "GET /mongoDB/loan.php HTTP/1.1" 200 2721 "http://localhost/mongoDB/" "Mozilla/5.0 (Windows NT 10.0; Win64; x64) AppleWebKit/537.36 (KHTML, like Gecko) Chrome/78.0.3904.108 Safari/537.36"
::1 - - [24/Nov/2019:23:25:50 +0800] "GET /mongoDB/loan.php HTTP/1.1" 200 2473 "http://localhost/mongoDB/" "Mozilla/5.0 (Windows NT 10.0; Win64; x64) AppleWebKit/537.36 (KHTML, like Gecko) Chrome/78.0.3904.108 Safari/537.36"
::1 - - [24/Nov/2019:23:26:03 +0800] "GET /mongoDB/loan.php HTTP/1.1" 200 5117 "http://localhost/mongoDB/" "Mozilla/5.0 (Linux; Android 5.0; SM-G900P Build/LRX21T) AppleWebKit/537.36 (KHTML, like Gecko) Chrome/78.0.3904.108 Mobile Safari/537.36"
::1 - - [24/Nov/2019:23:26:04 +0800] "GET /mongoDB/loan.php HTTP/1.1" 200 5117 "http://localhost/mongoDB/" "Mozilla/5.0 (Linux; Android 5.0; SM-G900P Build/LRX21T) AppleWebKit/537.36 (KHTML, like Gecko) Chrome/78.0.3904.108 Mobile Safari/537.36"
::1 - - [24/Nov/2019:23:27:20 +0800] "GET /mongoDB/loan.php HTTP/1.1" 200 2473 "http://localhost/mongoDB/" "Mozilla/5.0 (Linux; Android 5.0; SM-G900P Build/LRX21T) AppleWebKit/537.36 (KHTML, like Gecko) Chrome/78.0.3904.108 Mobile Safari/537.36"
::1 - - [24/Nov/2019:23:27:41 +0800] "GET /mongoDB/loan.php HTTP/1.1" 200 2473 "http://localhost/mongoDB/" "Mozilla/5.0 (Linux; Android 5.0; SM-G900P Build/LRX21T) AppleWebKit/537.36 (KHTML, like Gecko) Chrome/78.0.3904.108 Mobile Safari/537.36"
::1 - - [24/Nov/2019:23:27:47 +0800] "GET /mongoDB/loan.php HTTP/1.1" 200 2473 "http://localhost/mongoDB/" "Mozilla/5.0 (Linux; Android 5.0; SM-G900P Build/LRX21T) AppleWebKit/537.36 (KHTML, like Gecko) Chrome/78.0.3904.108 Mobile Safari/537.36"
::1 - - [24/Nov/2019:23:27:51 +0800] "GET /mongoDB/loan.php HTTP/1.1" 200 2473 "http://localhost/mongoDB/" "Mozilla/5.0 (Windows NT 10.0; Win64; x64) AppleWebKit/537.36 (KHTML, like Gecko) Chrome/78.0.3904.108 Safari/537.36"
::1 - - [24/Nov/2019:23:27:52 +0800] "GET /mongoDB/loan.php HTTP/1.1" 200 2473 "http://localhost/mongoDB/" "Mozilla/5.0 (Windows NT 10.0; Win64; x64) AppleWebKit/537.36 (KHTML, like Gecko) Chrome/78.0.3904.108 Safari/537.36"
::1 - - [24/Nov/2019:23:28:13 +0800] "GET /mongoDB/loan.php HTTP/1.1" 200 5117 "http://localhost/mongoDB/" "Mozilla/5.0 (Windows NT 10.0; Win64; x64) AppleWebKit/537.36 (KHTML, like Gecko) Chrome/78.0.3904.108 Safari/537.36"
::1 - - [24/Nov/2019:23:29:57 +0800] "GET /mongoDB/loan.php HTTP/1.1" 200 5713 "http://localhost/mongoDB/" "Mozilla/5.0 (Windows NT 10.0; Win64; x64) AppleWebKit/537.36 (KHTML, like Gecko) Chrome/78.0.3904.108 Safari/537.36"
::1 - - [24/Nov/2019:23:31:03 +0800] "GET /mongoDB/dataconversion.php HTTP/1.1" 200 157 "-" "Mozilla/5.0 (Windows NT 10.0; Win64; x64) AppleWebKit/537.36 (KHTML, like Gecko) Chrome/78.0.3904.108 Safari/537.36"
::1 - - [24/Nov/2019:23:31:20 +0800] "GET /mongoDB/index.pph HTTP/1.1" 404 1054 "-" "Mozilla/5.0 (Windows NT 10.0; Win64; x64) AppleWebKit/537.36 (KHTML, like Gecko) Chrome/78.0.3904.108 Safari/537.36"
::1 - - [24/Nov/2019:23:31:24 +0800] "GET /mongoDB/index.php HTTP/1.1" 200 2300 "-" "Mozilla/5.0 (Windows NT 10.0; Win64; x64) AppleWebKit/537.36 (KHTML, like Gecko) Chrome/78.0.3904.108 Safari/537.36"
::1 - - [24/Nov/2019:23:31:26 +0800] "GET /mongoDB/loan.php HTTP/1.1" 200 2018 "http://localhost/mongoDB/index.php" "Mozilla/5.0 (Windows NT 10.0; Win64; x64) AppleWebKit/537.36 (KHTML, like Gecko) Chrome/78.0.3904.108 Safari/537.36"
::1 - - [24/Nov/2019:23:31:58 +0800] "GET /mongoDB/loan.php HTTP/1.1" 200 5713 "http://localhost/mongoDB/index.php" "Mozilla/5.0 (Windows NT 10.0; Win64; x64) AppleWebKit/537.36 (KHTML, like Gecko) Chrome/78.0.3904.108 Safari/537.36"
::1 - - [24/Nov/2019:23:31:59 +0800] "GET /mongoDB/loan.php HTTP/1.1" 200 5713 "http://localhost/mongoDB/index.php" "Mozilla/5.0 (Windows NT 10.0; Win64; x64) AppleWebKit/537.36 (KHTML, like Gecko) Chrome/78.0.3904.108 Safari/537.36"
::1 - - [24/Nov/2019:23:33:10 +0800] "GET /mongoDB/loan.php HTTP/1.1" 200 2116 "http://localhost/mongoDB/index.php" "Mozilla/5.0 (Windows NT 10.0; Win64; x64) AppleWebKit/537.36 (KHTML, like Gecko) Chrome/78.0.3904.108 Safari/537.36"
::1 - - [24/Nov/2019:23:33:18 +0800] "GET /mongoDB/loan.php HTTP/1.1" 200 3376 "http://localhost/mongoDB/index.php" "Mozilla/5.0 (Windows NT 10.0; Win64; x64) AppleWebKit/537.36 (KHTML, like Gecko) Chrome/78.0.3904.108 Safari/537.36"
::1 - - [24/Nov/2019:23:33:32 +0800] "GET /mongoDB/loan.php HTTP/1.1" 200 3376 "http://localhost/mongoDB/index.php" "Mozilla/5.0 (Windows NT 10.0; Win64; x64) AppleWebKit/537.36 (KHTML, like Gecko) Chrome/78.0.3904.108 Safari/537.36"
::1 - - [24/Nov/2019:23:33:32 +0800] "GET /mongoDB/loan.php HTTP/1.1" 200 3376 "http://localhost/mongoDB/index.php" "Mozilla/5.0 (Windows NT 10.0; Win64; x64) AppleWebKit/537.36 (KHTML, like Gecko) Chrome/78.0.3904.108 Safari/537.36"
::1 - - [24/Nov/2019:23:34:00 +0800] "GET /mongoDB/loan.php HTTP/1.1" 200 3377 "http://localhost/mongoDB/index.php" "Mozilla/5.0 (Windows NT 10.0; Win64; x64) AppleWebKit/537.36 (KHTML, like Gecko) Chrome/78.0.3904.108 Safari/537.36"
::1 - - [24/Nov/2019:23:34:11 +0800] "GET /mongoDB/loan.php HTTP/1.1" 200 2473 "http://localhost/mongoDB/index.php" "Mozilla/5.0 (Windows NT 10.0; Win64; x64) AppleWebKit/537.36 (KHTML, like Gecko) Chrome/78.0.3904.108 Safari/537.36"
::1 - - [24/Nov/2019:23:34:12 +0800] "GET /mongoDB/loan.php HTTP/1.1" 200 2473 "http://localhost/mongoDB/index.php" "Mozilla/5.0 (Windows NT 10.0; Win64; x64) AppleWebKit/537.36 (KHTML, like Gecko) Chrome/78.0.3904.108 Safari/537.36"
::1 - - [24/Nov/2019:23:34:50 +0800] "GET /mongoDB/loan.php HTTP/1.1" 200 3105 "http://localhost/mongoDB/index.php" "Mozilla/5.0 (Windows NT 10.0; Win64; x64) AppleWebKit/537.36 (KHTML, like Gecko) Chrome/78.0.3904.108 Safari/537.36"
::1 - - [24/Nov/2019:23:38:30 +0800] "GET /mongoDB/loan.php HTTP/1.1" 200 139 "http://localhost/mongoDB/index.php" "Mozilla/5.0 (Windows NT 10.0; Win64; x64) AppleWebKit/537.36 (KHTML, like Gecko) Chrome/78.0.3904.108 Safari/537.36"
::1 - - [24/Nov/2019:23:38:35 +0800] "GET /mongoDB/loan.php HTTP/1.1" 200 6345 "http://localhost/mongoDB/index.php" "Mozilla/5.0 (Windows NT 10.0; Win64; x64) AppleWebKit/537.36 (KHTML, like Gecko) Chrome/78.0.3904.108 Safari/537.36"
::1 - - [24/Nov/2019:23:39:46 +0800] "GET /mongoDB/loan.php HTTP/1.1" 200 5751 "http://localhost/mongoDB/index.php" "Mozilla/5.0 (Windows NT 10.0; Win64; x64) AppleWebKit/537.36 (KHTML, like Gecko) Chrome/78.0.3904.108 Safari/537.36"
::1 - - [24/Nov/2019:23:40:40 +0800] "GET /mongoDB/loan.php HTTP/1.1" 200 4515 "http://localhost/mongoDB/index.php" "Mozilla/5.0 (Windows NT 10.0; Win64; x64) AppleWebKit/537.36 (KHTML, like Gecko) Chrome/78.0.3904.108 Safari/537.36"
::1 - - [24/Nov/2019:23:41:00 +0800] "GET /mongoDB/loan.php HTTP/1.1" 200 2787 "http://localhost/mongoDB/index.php" "Mozilla/5.0 (Windows NT 10.0; Win64; x64) AppleWebKit/537.36 (KHTML, like Gecko) Chrome/78.0.3904.108 Safari/537.36"
::1 - - [24/Nov/2019:23:55:27 +0800] "GET /mongoDB/loan.php HTTP/1.1" 200 4515 "http://localhost/mongoDB/index.php" "Mozilla/5.0 (Windows NT 10.0; Win64; x64) AppleWebKit/537.36 (KHTML, like Gecko) Chrome/78.0.3904.108 Safari/537.36"
::1 - - [25/Nov/2019:00:00:18 +0800] "GET /mongoDB/loan.php HTTP/1.1" 200 5076 "http://localhost/mongoDB/index.php" "Mozilla/5.0 (Windows NT 10.0; Win64; x64) AppleWebKit/537.36 (KHTML, like Gecko) Chrome/78.0.3904.108 Safari/537.36"
::1 - - [25/Nov/2019:00:01:04 +0800] "GET /mongoDB/loan.php HTTP/1.1" 200 2786 "http://localhost/mongoDB/index.php" "Mozilla/5.0 (Windows NT 10.0; Win64; x64) AppleWebKit/537.36 (KHTML, like Gecko) Chrome/78.0.3904.108 Safari/537.36"
::1 - - [25/Nov/2019:00:01:06 +0800] "GET /mongoDB/loan.php?search=&order_by=1 HTTP/1.1" 200 2786 "http://localhost/mongoDB/loan.php" "Mozilla/5.0 (Windows NT 10.0; Win64; x64) AppleWebKit/537.36 (KHTML, like Gecko) Chrome/78.0.3904.108 Safari/537.36"
::1 - - [25/Nov/2019:00:01:44 +0800] "GET /mongoDB/loan.php?search=&order_by=1 HTTP/1.1" 200 4986 "http://localhost/mongoDB/loan.php" "Mozilla/5.0 (Windows NT 10.0; Win64; x64) AppleWebKit/537.36 (KHTML, like Gecko) Chrome/78.0.3904.108 Safari/537.36"
::1 - - [25/Nov/2019:00:03:13 +0800] "GET /mongoDB/loan.php?search=&order_by=1 HTTP/1.1" 200 2786 "http://localhost/mongoDB/loan.php" "Mozilla/5.0 (Windows NT 10.0; Win64; x64) AppleWebKit/537.36 (KHTML, like Gecko) Chrome/78.0.3904.108 Safari/537.36"
::1 - - [25/Nov/2019:00:03:19 +0800] "GET /mongoDB/loan.php?search=&order_by=2 HTTP/1.1" 200 2786 "http://localhost/mongoDB/loan.php?search=&order_by=1" "Mozilla/5.0 (Windows NT 10.0; Win64; x64) AppleWebKit/537.36 (KHTML, like Gecko) Chrome/78.0.3904.108 Safari/537.36"
::1 - - [25/Nov/2019:00:03:21 +0800] "GET /mongoDB/loan.php?search=&order_by=3 HTTP/1.1" 200 2786 "http://localhost/mongoDB/loan.php?search=&order_by=2" "Mozilla/5.0 (Windows NT 10.0; Win64; x64) AppleWebKit/537.36 (KHTML, like Gecko) Chrome/78.0.3904.108 Safari/537.36"
::1 - - [25/Nov/2019:00:03:23 +0800] "GET /mongoDB/loan.php?search=&order_by=1 HTTP/1.1" 200 2786 "http://localhost/mongoDB/loan.php?search=&order_by=3" "Mozilla/5.0 (Windows NT 10.0; Win64; x64) AppleWebKit/537.36 (KHTML, like Gecko) Chrome/78.0.3904.108 Safari/537.36"
::1 - - [25/Nov/2019:00:03:24 +0800] "GET /mongoDB/loan.php?search=&order_by=2 HTTP/1.1" 200 2786 "http://localhost/mongoDB/loan.php?search=&order_by=1" "Mozilla/5.0 (Windows NT 10.0; Win64; x64) AppleWebKit/537.36 (KHTML, like Gecko) Chrome/78.0.3904.108 Safari/537.36"
::1 - - [25/Nov/2019:00:03:26 +0800] "GET /mongoDB/loan.php?search=&order_by=3 HTTP/1.1" 200 2786 "http://localhost/mongoDB/loan.php?search=&order_by=2" "Mozilla/5.0 (Windows NT 10.0; Win64; x64) AppleWebKit/537.36 (KHTML, like Gecko) Chrome/78.0.3904.108 Safari/537.36"
::1 - - [25/Nov/2019:00:03:28 +0800] "GET /mongoDB/loan.php?search=Accountancy&order_by= HTTP/1.1" 200 2483 "http://localhost/mongoDB/loan.php?search=&order_by=3" "Mozilla/5.0 (Windows NT 10.0; Win64; x64) AppleWebKit/537.36 (KHTML, like Gecko) Chrome/78.0.3904.108 Safari/537.36"
::1 - - [25/Nov/2019:00:03:30 +0800] "GET /mongoDB/loan.php?search=Ac&order_by= HTTP/1.1" 200 2474 "http://localhost/mongoDB/loan.php?search=Accountancy&order_by=" "Mozilla/5.0 (Windows NT 10.0; Win64; x64) AppleWebKit/537.36 (KHTML, like Gecko) Chrome/78.0.3904.108 Safari/537.36"
::1 - - [25/Nov/2019:00:03:31 +0800] "GET /mongoDB/loan.php?search=A&order_by= HTTP/1.1" 200 2473 "http://localhost/mongoDB/loan.php?search=Ac&order_by=" "Mozilla/5.0 (Windows NT 10.0; Win64; x64) AppleWebKit/537.36 (KHTML, like Gecko) Chrome/78.0.3904.108 Safari/537.36"
::1 - - [25/Nov/2019:00:03:32 +0800] "GET /mongoDB/loan.php?search=&order_by= HTTP/1.1" 200 2786 "http://localhost/mongoDB/loan.php?search=A&order_by=" "Mozilla/5.0 (Windows NT 10.0; Win64; x64) AppleWebKit/537.36 (KHTML, like Gecko) Chrome/78.0.3904.108 Safari/537.36"
::1 - - [25/Nov/2019:00:03:41 +0800] "GET /mongoDB/loan.php?search=a&order_by= HTTP/1.1" 200 2473 "http://localhost/mongoDB/loan.php?search=&order_by=" "Mozilla/5.0 (Windows NT 10.0; Win64; x64) AppleWebKit/537.36 (KHTML, like Gecko) Chrome/78.0.3904.108 Safari/537.36"
::1 - - [25/Nov/2019:00:04:09 +0800] "GET /mongoDB/loan.php?search=a&order_by= HTTP/1.1" 200 2473 "http://localhost/mongoDB/loan.php?search=&order_by=" "Mozilla/5.0 (Windows NT 10.0; Win64; x64) AppleWebKit/537.36 (KHTML, like Gecko) Chrome/78.0.3904.108 Safari/537.36"
::1 - - [25/Nov/2019:00:04:10 +0800] "GET /mongoDB/loan.php?search=a&order_by= HTTP/1.1" 200 2473 "http://localhost/mongoDB/loan.php?search=a&order_by=" "Mozilla/5.0 (Windows NT 10.0; Win64; x64) AppleWebKit/537.36 (KHTML, like Gecko) Chrome/78.0.3904.108 Safari/537.36"
::1 - - [25/Nov/2019:00:04:12 +0800] "GET /mongoDB/loan.php?search=&order_by= HTTP/1.1" 200 2786 "http://localhost/mongoDB/loan.php?search=a&order_by=" "Mozilla/5.0 (Windows NT 10.0; Win64; x64) AppleWebKit/537.36 (KHTML, like Gecko) Chrome/78.0.3904.108 Safari/537.36"
::1 - - [25/Nov/2019:00:04:14 +0800] "GET /mongoDB/loan.php?search=john_Maybank_1&order_by= HTTP/1.1" 200 2486 "http://localhost/mongoDB/loan.php?search=&order_by=" "Mozilla/5.0 (Windows NT 10.0; Win64; x64) AppleWebKit/537.36 (KHTML, like Gecko) Chrome/78.0.3904.108 Safari/537.36"
::1 - - [25/Nov/2019:00:04:16 +0800] "GET /mongoDB/loan.php?search=john_Maybank_&order_by= HTTP/1.1" 200 2485 "http://localhost/mongoDB/loan.php?search=john_Maybank_1&order_by=" "Mozilla/5.0 (Windows NT 10.0; Win64; x64) AppleWebKit/537.36 (KHTML, like Gecko) Chrome/78.0.3904.108 Safari/537.36"
::1 - - [25/Nov/2019:00:04:17 +0800] "GET /mongoDB/loan.php?search=john_Maybank&order_by= HTTP/1.1" 200 2484 "http://localhost/mongoDB/loan.php?search=john_Maybank_&order_by=" "Mozilla/5.0 (Windows NT 10.0; Win64; x64) AppleWebKit/537.36 (KHTML, like Gecko) Chrome/78.0.3904.108 Safari/537.36"
::1 - - [25/Nov/2019:00:04:18 +0800] "GET /mongoDB/loan.php?search=&order_by= HTTP/1.1" 200 2786 "http://localhost/mongoDB/loan.php?search=john_Maybank&order_by=" "Mozilla/5.0 (Windows NT 10.0; Win64; x64) AppleWebKit/537.36 (KHTML, like Gecko) Chrome/78.0.3904.108 Safari/537.36"
::1 - - [25/Nov/2019:00:05:03 +0800] "GET /mongoDB/loan.php?search=&order_by= HTTP/1.1" 200 2786 "http://localhost/mongoDB/loan.php?search=john_Maybank&order_by=" "Mozilla/5.0 (Windows NT 10.0; Win64; x64) AppleWebKit/537.36 (KHTML, like Gecko) Chrome/78.0.3904.108 Safari/537.36"
::1 - - [25/Nov/2019:00:05:04 +0800] "GET /mongoDB/loan.php?search=&order_by= HTTP/1.1" 200 2786 "http://localhost/mongoDB/loan.php?search=john_Maybank&order_by=" "Mozilla/5.0 (Windows NT 10.0; Win64; x64) AppleWebKit/537.36 (KHTML, like Gecko) Chrome/78.0.3904.108 Safari/537.36"
::1 - - [25/Nov/2019:00:05:14 +0800] "GET /mongoDB/loan.php?search=&order_by=1 HTTP/1.1" 200 2786 "http://localhost/mongoDB/loan.php?search=&order_by=" "Mozilla/5.0 (Windows NT 10.0; Win64; x64) AppleWebKit/537.36 (KHTML, like Gecko) Chrome/78.0.3904.108 Safari/537.36"
::1 - - [25/Nov/2019:00:05:16 +0800] "GET /mongoDB/loan.php?search=&order_by=2 HTTP/1.1" 200 2786 "http://localhost/mongoDB/loan.php?search=&order_by=1" "Mozilla/5.0 (Windows NT 10.0; Win64; x64) AppleWebKit/537.36 (KHTML, like Gecko) Chrome/78.0.3904.108 Safari/537.36"
::1 - - [25/Nov/2019:00:05:18 +0800] "GET /mongoDB/loan.php?search=&order_by=3 HTTP/1.1" 200 2786 "http://localhost/mongoDB/loan.php?search=&order_by=2" "Mozilla/5.0 (Windows NT 10.0; Win64; x64) AppleWebKit/537.36 (KHTML, like Gecko) Chrome/78.0.3904.108 Safari/537.36"
::1 - - [25/Nov/2019:11:44:02 +0800] "GET / HTTP/1.1" 200 996 "-" "Mozilla/5.0 (Windows NT 10.0; Win64; x64) AppleWebKit/537.36 (KHTML, like Gecko) Chrome/78.0.3904.108 Safari/537.36"
::1 - - [25/Nov/2019:11:44:02 +0800] "GET /favicon.ico HTTP/1.1" 404 1176 "http://localhost/" "Mozilla/5.0 (Windows NT 10.0; Win64; x64) AppleWebKit/537.36 (KHTML, like Gecko) Chrome/78.0.3904.108 Safari/537.36"
::1 - - [25/Nov/2019:11:45:19 +0800] "GET /mongoDB/ HTTP/1.1" 200 2300 "http://localhost/" "Mozilla/5.0 (Windows NT 10.0; Win64; x64) AppleWebKit/537.36 (KHTML, like Gecko) Chrome/78.0.3904.108 Safari/537.36"
::1 - - [25/Nov/2019:11:45:23 +0800] "GET /mongoDB/loan.php HTTP/1.1" 200 2786 "http://localhost/mongoDB/" "Mozilla/5.0 (Windows NT 10.0; Win64; x64) AppleWebKit/537.36 (KHTML, like Gecko) Chrome/78.0.3904.108 Safari/537.36"
::1 - - [25/Nov/2019:11:45:38 +0800] "GET /mongoDB/loan.php HTTP/1.1" 200 2786 "http://localhost/mongoDB/" "Mozilla/5.0 (Windows NT 10.0; Win64; x64) AppleWebKit/537.36 (KHTML, like Gecko) Chrome/78.0.3904.108 Safari/537.36"
::1 - - [25/Nov/2019:11:45:39 +0800] "GET /mongoDB/loan.php HTTP/1.1" 200 2786 "http://localhost/mongoDB/" "Mozilla/5.0 (Windows NT 10.0; Win64; x64) AppleWebKit/537.36 (KHTML, like Gecko) Chrome/78.0.3904.108 Safari/537.36"
::1 - - [25/Nov/2019:11:45:44 +0800] "GET /mongoDB/loan.php HTTP/1.1" 200 2786 "http://localhost/mongoDB/" "Mozilla/5.0 (Windows NT 10.0; Win64; x64) AppleWebKit/537.36 (KHTML, like Gecko) Chrome/78.0.3904.108 Safari/537.36"
::1 - - [25/Nov/2019:11:45:45 +0800] "GET /mongoDB/loan.php HTTP/1.1" 200 2786 "http://localhost/mongoDB/" "Mozilla/5.0 (Windows NT 10.0; Win64; x64) AppleWebKit/537.36 (KHTML, like Gecko) Chrome/78.0.3904.108 Safari/537.36"
::1 - - [25/Nov/2019:11:45:45 +0800] "GET /mongoDB/loan.php HTTP/1.1" 200 2786 "http://localhost/mongoDB/" "Mozilla/5.0 (Windows NT 10.0; Win64; x64) AppleWebKit/537.36 (KHTML, like Gecko) Chrome/78.0.3904.108 Safari/537.36"
::1 - - [25/Nov/2019:11:45:56 +0800] "GET /mongoDB/loan.php HTTP/1.1" 200 3104 "http://localhost/mongoDB/" "Mozilla/5.0 (Windows NT 10.0; Win64; x64) AppleWebKit/537.36 (KHTML, like Gecko) Chrome/78.0.3904.108 Safari/537.36"
::1 - - [25/Nov/2019:11:46:15 +0800] "GET /mongoDB/loan.php HTTP/1.1" 200 2786 "http://localhost/mongoDB/" "Mozilla/5.0 (Windows NT 10.0; Win64; x64) AppleWebKit/537.36 (KHTML, like Gecko) Chrome/78.0.3904.108 Safari/537.36"
::1 - - [25/Nov/2019:16:49:10 +0800] "GET / HTTP/1.1" 200 996 "-" "Mozilla/5.0 (Windows NT 10.0; Win64; x64) AppleWebKit/537.36 (KHTML, like Gecko) Chrome/78.0.3904.108 Safari/537.36"
::1 - - [25/Nov/2019:16:49:10 +0800] "GET /icons/blank.gif HTTP/1.1" 200 148 "http://localhost/" "Mozilla/5.0 (Windows NT 10.0; Win64; x64) AppleWebKit/537.36 (KHTML, like Gecko) Chrome/78.0.3904.108 Safari/537.36"
::1 - - [25/Nov/2019:16:49:10 +0800] "GET /icons/folder.gif HTTP/1.1" 200 225 "http://localhost/" "Mozilla/5.0 (Windows NT 10.0; Win64; x64) AppleWebKit/537.36 (KHTML, like Gecko) Chrome/78.0.3904.108 Safari/537.36"
::1 - - [25/Nov/2019:16:49:11 +0800] "GET /favicon.ico HTTP/1.1" 404 1176 "http://localhost/" "Mozilla/5.0 (Windows NT 10.0; Win64; x64) AppleWebKit/537.36 (KHTML, like Gecko) Chrome/78.0.3904.108 Safari/537.36"
::1 - - [25/Nov/2019:16:49:11 +0800] "GET /mongoDB/ HTTP/1.1" 200 2300 "http://localhost/" "Mozilla/5.0 (Windows NT 10.0; Win64; x64) AppleWebKit/537.36 (KHTML, like Gecko) Chrome/78.0.3904.108 Safari/537.36"
::1 - - [25/Nov/2019:16:49:14 +0800] "GET /mongoDB/loan.php HTTP/1.1" 200 139 "http://localhost/mongoDB/" "Mozilla/5.0 (Windows NT 10.0; Win64; x64) AppleWebKit/537.36 (KHTML, like Gecko) Chrome/78.0.3904.108 Safari/537.36"
::1 - - [25/Nov/2019:16:49:49 +0800] "GET /mongoDB/loan.php HTTP/1.1" 200 124 "http://localhost/mongoDB/" "Mozilla/5.0 (Windows NT 10.0; Win64; x64) AppleWebKit/537.36 (KHTML, like Gecko) Chrome/78.0.3904.108 Safari/537.36"
::1 - - [25/Nov/2019:16:50:09 +0800] "GET /mongoDB/loan.php HTTP/1.1" 200 124 "http://localhost/mongoDB/" "Mozilla/5.0 (Windows NT 10.0; Win64; x64) AppleWebKit/537.36 (KHTML, like Gecko) Chrome/78.0.3904.108 Safari/537.36"
::1 - - [25/Nov/2019:16:50:14 +0800] "GET /mongoDB/loan.php HTTP/1.1" 200 124 "http://localhost/mongoDB/" "Mozilla/5.0 (Windows NT 10.0; Win64; x64) AppleWebKit/537.36 (KHTML, like Gecko) Chrome/78.0.3904.108 Safari/537.36"
::1 - - [25/Nov/2019:16:50:14 +0800] "GET /mongoDB/loan.php HTTP/1.1" 200 124 "http://localhost/mongoDB/" "Mozilla/5.0 (Windows NT 10.0; Win64; x64) AppleWebKit/537.36 (KHTML, like Gecko) Chrome/78.0.3904.108 Safari/537.36"
::1 - - [25/Nov/2019:16:50:14 +0800] "GET /mongoDB/loan.php HTTP/1.1" 200 124 "http://localhost/mongoDB/" "Mozilla/5.0 (Windows NT 10.0; Win64; x64) AppleWebKit/537.36 (KHTML, like Gecko) Chrome/78.0.3904.108 Safari/537.36"
::1 - - [25/Nov/2019:16:50:20 +0800] "GET /mongoDB/loan.php HTTP/1.1" 200 2010 "http://localhost/mongoDB/" "Mozilla/5.0 (Windows NT 10.0; Win64; x64) AppleWebKit/537.36 (KHTML, like Gecko) Chrome/78.0.3904.108 Safari/537.36"
::1 - - [25/Nov/2019:16:52:54 +0800] "GET /mongoDB/loan.php HTTP/1.1" 200 2010 "http://localhost/mongoDB/" "Mozilla/5.0 (Windows NT 10.0; Win64; x64) AppleWebKit/537.36 (KHTML, like Gecko) Chrome/78.0.3904.108 Safari/537.36"
::1 - - [25/Nov/2019:16:52:55 +0800] "GET /mongoDB/loan.php HTTP/1.1" 200 2010 "http://localhost/mongoDB/" "Mozilla/5.0 (Windows NT 10.0; Win64; x64) AppleWebKit/537.36 (KHTML, like Gecko) Chrome/78.0.3904.108 Safari/537.36"
::1 - - [25/Nov/2019:16:54:17 +0800] "GET /mongoDB/loan.php HTTP/1.1" 200 2478 "http://localhost/mongoDB/" "Mozilla/5.0 (Windows NT 10.0; Win64; x64) AppleWebKit/537.36 (KHTML, like Gecko) Chrome/78.0.3904.108 Safari/537.36"
::1 - - [25/Nov/2019:16:54:33 +0800] "GET /mongoDB/loan.php HTTP/1.1" 200 2010 "http://localhost/mongoDB/" "Mozilla/5.0 (Windows NT 10.0; Win64; x64) AppleWebKit/537.36 (KHTML, like Gecko) Chrome/78.0.3904.108 Safari/537.36"
::1 - - [25/Nov/2019:16:54:34 +0800] "GET /mongoDB/loan.php HTTP/1.1" 200 2010 "http://localhost/mongoDB/" "Mozilla/5.0 (Windows NT 10.0; Win64; x64) AppleWebKit/537.36 (KHTML, like Gecko) Chrome/78.0.3904.108 Safari/537.36"
::1 - - [25/Nov/2019:16:54:50 +0800] "GET /mongoDB/loan.php HTTP/1.1" 200 2010 "http://localhost/mongoDB/" "Mozilla/5.0 (Windows NT 10.0; Win64; x64) AppleWebKit/537.36 (KHTML, like Gecko) Chrome/78.0.3904.108 Safari/537.36"
::1 - - [25/Nov/2019:16:54:51 +0800] "GET /mongoDB/loan.php HTTP/1.1" 200 2010 "http://localhost/mongoDB/" "Mozilla/5.0 (Windows NT 10.0; Win64; x64) AppleWebKit/537.36 (KHTML, like Gecko) Chrome/78.0.3904.108 Safari/537.36"
::1 - - [25/Nov/2019:16:54:51 +0800] "GET /mongoDB/loan.php HTTP/1.1" 200 2010 "http://localhost/mongoDB/" "Mozilla/5.0 (Windows NT 10.0; Win64; x64) AppleWebKit/537.36 (KHTML, like Gecko) Chrome/78.0.3904.108 Safari/537.36"
::1 - - [25/Nov/2019:16:55:06 +0800] "GET /mongoDB/loan.php HTTP/1.1" 200 2010 "http://localhost/mongoDB/" "Mozilla/5.0 (Windows NT 10.0; Win64; x64) AppleWebKit/537.36 (KHTML, like Gecko) Chrome/78.0.3904.108 Safari/537.36"
::1 - - [25/Nov/2019:16:55:53 +0800] "GET /mongoDB/loan.php HTTP/1.1" 200 2010 "http://localhost/mongoDB/" "Mozilla/5.0 (Windows NT 10.0; Win64; x64) AppleWebKit/537.36 (KHTML, like Gecko) Chrome/78.0.3904.108 Safari/537.36"
::1 - - [25/Nov/2019:16:56:06 +0800] "GET /mongoDB/loan.php HTTP/1.1" 200 2478 "http://localhost/mongoDB/" "Mozilla/5.0 (Windows NT 10.0; Win64; x64) AppleWebKit/537.36 (KHTML, like Gecko) Chrome/78.0.3904.108 Safari/537.36"
::1 - - [25/Nov/2019:16:56:15 +0800] "GET /mongoDB/loan.php HTTP/1.1" 200 2793 "http://localhost/mongoDB/" "Mozilla/5.0 (Windows NT 10.0; Win64; x64) AppleWebKit/537.36 (KHTML, like Gecko) Chrome/78.0.3904.108 Safari/537.36"
::1 - - [25/Nov/2019:16:56:15 +0800] "GET /mongoDB/loan.php HTTP/1.1" 200 2793 "http://localhost/mongoDB/" "Mozilla/5.0 (Windows NT 10.0; Win64; x64) AppleWebKit/537.36 (KHTML, like Gecko) Chrome/78.0.3904.108 Safari/537.36"
::1 - - [25/Nov/2019:16:56:15 +0800] "GET /mongoDB/loan.php HTTP/1.1" 200 2793 "http://localhost/mongoDB/" "Mozilla/5.0 (Windows NT 10.0; Win64; x64) AppleWebKit/537.36 (KHTML, like Gecko) Chrome/78.0.3904.108 Safari/537.36"
::1 - - [25/Nov/2019:16:56:37 +0800] "GET /mongoDB/loan.php HTTP/1.1" 200 2793 "http://localhost/mongoDB/" "Mozilla/5.0 (Windows NT 10.0; Win64; x64) AppleWebKit/537.36 (KHTML, like Gecko) Chrome/78.0.3904.108 Safari/537.36"
::1 - - [25/Nov/2019:16:56:40 +0800] "GET /mongoDB/loan.php?search=&order_by=2 HTTP/1.1" 200 2793 "http://localhost/mongoDB/loan.php" "Mozilla/5.0 (Windows NT 10.0; Win64; x64) AppleWebKit/537.36 (KHTML, like Gecko) Chrome/78.0.3904.108 Safari/537.36"
::1 - - [25/Nov/2019:16:56:41 +0800] "GET /mongoDB/loan.php?search=&order_by=3 HTTP/1.1" 200 2793 "http://localhost/mongoDB/loan.php?search=&order_by=2" "Mozilla/5.0 (Windows NT 10.0; Win64; x64) AppleWebKit/537.36 (KHTML, like Gecko) Chrome/78.0.3904.108 Safari/537.36"
::1 - - [25/Nov/2019:16:56:43 +0800] "GET /mongoDB/loan.php?search=&order_by=1 HTTP/1.1" 200 2793 "http://localhost/mongoDB/loan.php?search=&order_by=3" "Mozilla/5.0 (Windows NT 10.0; Win64; x64) AppleWebKit/537.36 (KHTML, like Gecko) Chrome/78.0.3904.108 Safari/537.36"
::1 - - [25/Nov/2019:16:56:46 +0800] "GET /mongoDB/loan.php?search=Nanyang+Technological+University&order_by= HTTP/1.1" 200 2502 "http://localhost/mongoDB/loan.php?search=&order_by=1" "Mozilla/5.0 (Windows NT 10.0; Win64; x64) AppleWebKit/537.36 (KHTML, like Gecko) Chrome/78.0.3904.108 Safari/537.36"
::1 - - [25/Nov/2019:16:56:48 +0800] "GET /mongoDB/loan.php?search=N&order_by= HTTP/1.1" 200 2471 "http://localhost/mongoDB/loan.php?search=Nanyang+Technological+University&order_by=" "Mozilla/5.0 (Windows NT 10.0; Win64; x64) AppleWebKit/537.36 (KHTML, like Gecko) Chrome/78.0.3904.108 Safari/537.36"
::1 - - [25/Nov/2019:16:56:50 +0800] "GET /mongoDB/loan.php?search=&order_by= HTTP/1.1" 200 2793 "http://localhost/mongoDB/loan.php?search=N&order_by=" "Mozilla/5.0 (Windows NT 10.0; Win64; x64) AppleWebKit/537.36 (KHTML, like Gecko) Chrome/78.0.3904.108 Safari/537.36"
::1 - - [25/Nov/2019:16:56:50 +0800] "GET /mongoDB/loan.php?search=&order_by= HTTP/1.1" 200 2793 "http://localhost/mongoDB/loan.php?search=&order_by=" "Mozilla/5.0 (Windows NT 10.0; Win64; x64) AppleWebKit/537.36 (KHTML, like Gecko) Chrome/78.0.3904.108 Safari/537.36"
::1 - - [25/Nov/2019:16:57:10 +0800] "GET /mongoDB/loan.php?search=&order_by=3 HTTP/1.1" 200 2793 "http://localhost/mongoDB/loan.php?search=&order_by=" "Mozilla/5.0 (Windows NT 10.0; Win64; x64) AppleWebKit/537.36 (KHTML, like Gecko) Chrome/78.0.3904.108 Safari/537.36"
::1 - - [25/Nov/2019:16:57:54 +0800] "GET /mongoDB/loan.php?search=&order_by=3 HTTP/1.1" 200 2784 "http://localhost/mongoDB/loan.php?search=&order_by=3" "Mozilla/5.0 (Windows NT 10.0; Win64; x64) AppleWebKit/537.36 (KHTML, like Gecko) Chrome/78.0.3904.108 Safari/537.36"
::1 - - [25/Nov/2019:17:01:10 +0800] "GET /mongoDB/loan.php?search=&order_by=3 HTTP/1.1" 200 2784 "http://localhost/mongoDB/loan.php?search=&order_by=3" "Mozilla/5.0 (Windows NT 10.0; Win64; x64) AppleWebKit/537.36 (KHTML, like Gecko) Chrome/78.0.3904.108 Safari/537.36"
::1 - - [25/Nov/2019:17:01:12 +0800] "GET /mongoDB/loan.php?search=&order_by=3 HTTP/1.1" 200 2784 "http://localhost/mongoDB/loan.php?search=&order_by=3" "Mozilla/5.0 (Windows NT 10.0; Win64; x64) AppleWebKit/537.36 (KHTML, like Gecko) Chrome/78.0.3904.108 Safari/537.36"
::1 - - [25/Nov/2019:17:07:00 +0800] "GET /mongoDB/loan.php?search=&order_by=3 HTTP/1.1" 200 2721 "http://localhost/mongoDB/loan.php?search=&order_by=3" "Mozilla/5.0 (Windows NT 10.0; Win64; x64) AppleWebKit/537.36 (KHTML, like Gecko) Chrome/78.0.3904.108 Safari/537.36"
::1 - - [25/Nov/2019:17:07:04 +0800] "GET /mongoDB/loan.php?search=&order_by=3 HTTP/1.1" 200 2721 "http://localhost/mongoDB/loan.php?search=&order_by=3" "Mozilla/5.0 (Windows NT 10.0; Win64; x64) AppleWebKit/537.36 (KHTML, like Gecko) Chrome/78.0.3904.108 Safari/537.36"
::1 - - [25/Nov/2019:17:07:10 +0800] "GET /mongoDB/loan.php?search=&order_by=3 HTTP/1.1" 200 2721 "http://localhost/mongoDB/loan.php?search=&order_by=3" "Mozilla/5.0 (Windows NT 10.0; Win64; x64) AppleWebKit/537.36 (KHTML, like Gecko) Chrome/78.0.3904.108 Safari/537.36"
::1 - - [25/Nov/2019:17:07:11 +0800] "GET /mongoDB/loan.php?search=&order_by=3 HTTP/1.1" 200 2721 "http://localhost/mongoDB/loan.php?search=&order_by=3" "Mozilla/5.0 (Windows NT 10.0; Win64; x64) AppleWebKit/537.36 (KHTML, like Gecko) Chrome/78.0.3904.108 Safari/537.36"
::1 - - [25/Nov/2019:17:07:12 +0800] "GET /mongoDB/loan.php?search=&order_by= HTTP/1.1" 200 2721 "http://localhost/mongoDB/loan.php?search=&order_by=3" "Mozilla/5.0 (Windows NT 10.0; Win64; x64) AppleWebKit/537.36 (KHTML, like Gecko) Chrome/78.0.3904.108 Safari/537.36"
::1 - - [25/Nov/2019:17:07:23 +0800] "GET /mongoDB/loan.php?search=&order_by= HTTP/1.1" 200 8446 "http://localhost/mongoDB/loan.php?search=&order_by=3" "Mozilla/5.0 (Windows NT 10.0; Win64; x64) AppleWebKit/537.36 (KHTML, like Gecko) Chrome/78.0.3904.108 Safari/537.36"
::1 - - [25/Nov/2019:17:07:52 +0800] "GET /mongoDB/loan.php?search=&order_by= HTTP/1.1" 200 2583 "http://localhost/mongoDB/loan.php?search=&order_by=3" "Mozilla/5.0 (Windows NT 10.0; Win64; x64) AppleWebKit/537.36 (KHTML, like Gecko) Chrome/78.0.3904.108 Safari/537.36"
::1 - - [25/Nov/2019:17:07:41 +0800] "GET /mongoDB/loan.php?search=&order_by= HTTP/1.1" 200 2583 "http://localhost/mongoDB/loan.php?search=&order_by=3" "Mozilla/5.0 (Windows NT 10.0; Win64; x64) AppleWebKit/537.36 (KHTML, like Gecko) Chrome/78.0.3904.108 Safari/537.36"
::1 - - [25/Nov/2019:17:07:53 +0800] "GET /mongoDB/loan.php?search=&order_by= HTTP/1.1" 200 2583 "http://localhost/mongoDB/loan.php?search=&order_by=3" "Mozilla/5.0 (Windows NT 10.0; Win64; x64) AppleWebKit/537.36 (KHTML, like Gecko) Chrome/78.0.3904.108 Safari/537.36"
::1 - - [25/Nov/2019:17:08:01 +0800] "GET /mongoDB/loan.php?search=&order_by= HTTP/1.1" 200 2583 "http://localhost/mongoDB/loan.php?search=&order_by=3" "Mozilla/5.0 (Windows NT 10.0; Win64; x64) AppleWebKit/537.36 (KHTML, like Gecko) Chrome/78.0.3904.108 Safari/537.36"
::1 - - [25/Nov/2019:17:07:40 +0800] "GET /mongoDB/loan.php?search=&order_by= HTTP/1.1" 200 2583 "http://localhost/mongoDB/loan.php?search=&order_by=3" "Mozilla/5.0 (Windows NT 10.0; Win64; x64) AppleWebKit/537.36 (KHTML, like Gecko) Chrome/78.0.3904.108 Safari/537.36"
::1 - - [25/Nov/2019:17:08:09 +0800] "GET /mongoDB/loan.php HTTP/1.1" 200 2583 "-" "Mozilla/5.0 (Windows NT 10.0; Win64; x64) AppleWebKit/537.36 (KHTML, like Gecko) Chrome/78.0.3904.108 Safari/537.36"
::1 - - [25/Nov/2019:17:08:17 +0800] "GET /mongoDB/loan.php HTTP/1.1" 200 2583 "-" "Mozilla/5.0 (Windows NT 10.0; Win64; x64) AppleWebKit/537.36 (KHTML, like Gecko) Chrome/78.0.3904.108 Safari/537.36"
::1 - - [25/Nov/2019:17:08:18 +0800] "GET /mongoDB/loan.php HTTP/1.1" 200 2583 "-" "Mozilla/5.0 (Windows NT 10.0; Win64; x64) AppleWebKit/537.36 (KHTML, like Gecko) Chrome/78.0.3904.108 Safari/537.36"
::1 - - [25/Nov/2019:17:08:25 +0800] "GET /mongoDB/loan.php HTTP/1.1" 200 2583 "-" "Mozilla/5.0 (Windows NT 10.0; Win64; x64) AppleWebKit/537.36 (KHTML, like Gecko) Chrome/78.0.3904.108 Safari/537.36"
::1 - - [25/Nov/2019:17:08:25 +0800] "GET /mongoDB/loan.php HTTP/1.1" 200 2583 "-" "Mozilla/5.0 (Windows NT 10.0; Win64; x64) AppleWebKit/537.36 (KHTML, like Gecko) Chrome/78.0.3904.108 Safari/537.36"
::1 - - [25/Nov/2019:17:08:26 +0800] "GET /mongoDB/loan.php HTTP/1.1" 200 2583 "-" "Mozilla/5.0 (Windows NT 10.0; Win64; x64) AppleWebKit/537.36 (KHTML, like Gecko) Chrome/78.0.3904.108 Safari/537.36"
::1 - - [25/Nov/2019:17:08:26 +0800] "GET /mongoDB/loan.php HTTP/1.1" 200 2583 "-" "Mozilla/5.0 (Windows NT 10.0; Win64; x64) AppleWebKit/537.36 (KHTML, like Gecko) Chrome/78.0.3904.108 Safari/537.36"
::1 - - [25/Nov/2019:17:08:37 +0800] "GET /mongoDB/loan.php HTTP/1.1" 200 2583 "-" "Mozilla/5.0 (Windows NT 10.0; Win64; x64) AppleWebKit/537.36 (KHTML, like Gecko) Chrome/78.0.3904.108 Safari/537.36"
::1 - - [25/Nov/2019:17:09:25 +0800] "GET /mongoDB/loan.php HTTP/1.1" 200 2784 "-" "Mozilla/5.0 (Windows NT 10.0; Win64; x64) AppleWebKit/537.36 (KHTML, like Gecko) Chrome/78.0.3904.108 Safari/537.36"
::1 - - [25/Nov/2019:17:11:50 +0800] "GET /mongoDB/loan.php HTTP/1.1" 200 3188 "-" "Mozilla/5.0 (Windows NT 10.0; Win64; x64) AppleWebKit/537.36 (KHTML, like Gecko) Chrome/78.0.3904.108 Safari/537.36"
::1 - - [25/Nov/2019:17:12:13 +0800] "GET /mongoDB/loan.php HTTP/1.1" 200 2994 "-" "Mozilla/5.0 (Windows NT 10.0; Win64; x64) AppleWebKit/537.36 (KHTML, like Gecko) Chrome/78.0.3904.108 Safari/537.36"
::1 - - [25/Nov/2019:17:12:29 +0800] "GET /mongoDB/loan.php HTTP/1.1" 200 8590 "-" "Mozilla/5.0 (Windows NT 10.0; Win64; x64) AppleWebKit/537.36 (KHTML, like Gecko) Chrome/78.0.3904.108 Safari/537.36"
::1 - - [25/Nov/2019:17:12:36 +0800] "GET /mongoDB/loan.php HTTP/1.1" 200 2784 "-" "Mozilla/5.0 (Windows NT 10.0; Win64; x64) AppleWebKit/537.36 (KHTML, like Gecko) Chrome/78.0.3904.108 Safari/537.36"
::1 - - [25/Nov/2019:17:13:58 +0800] "GET /mongoDB/calculator.php HTTP/1.1" 200 2135 "http://localhost/mongoDB/loan.php" "Mozilla/5.0 (Windows NT 10.0; Win64; x64) AppleWebKit/537.36 (KHTML, like Gecko) Chrome/78.0.3904.108 Safari/537.36"
::1 - - [25/Nov/2019:17:13:59 +0800] "GET /mongoDB/GES.php HTTP/1.1" 200 2111 "http://localhost/mongoDB/calculator.php" "Mozilla/5.0 (Windows NT 10.0; Win64; x64) AppleWebKit/537.36 (KHTML, like Gecko) Chrome/78.0.3904.108 Safari/537.36"
::1 - - [25/Nov/2019:17:13:59 +0800] "GET /mongoDB/calculator.php HTTP/1.1" 200 2135 "http://localhost/mongoDB/GES.php" "Mozilla/5.0 (Windows NT 10.0; Win64; x64) AppleWebKit/537.36 (KHTML, like Gecko) Chrome/78.0.3904.108 Safari/537.36"
::1 - - [25/Nov/2019:17:14:00 +0800] "GET /mongoDB/loan.php HTTP/1.1" 200 2784 "http://localhost/mongoDB/calculator.php" "Mozilla/5.0 (Windows NT 10.0; Win64; x64) AppleWebKit/537.36 (KHTML, like Gecko) Chrome/78.0.3904.108 Safari/537.36"
::1 - - [25/Nov/2019:17:14:10 +0800] "GET /mongoDB/loan.php?search=&order_by=2 HTTP/1.1" 200 2784 "http://localhost/mongoDB/loan.php" "Mozilla/5.0 (Windows NT 10.0; Win64; x64) AppleWebKit/537.36 (KHTML, like Gecko) Chrome/78.0.3904.108 Safari/537.36"
::1 - - [25/Nov/2019:17:14:11 +0800] "GET /mongoDB/loan.php?search=&order_by=3 HTTP/1.1" 200 2784 "http://localhost/mongoDB/loan.php?search=&order_by=2" "Mozilla/5.0 (Windows NT 10.0; Win64; x64) AppleWebKit/537.36 (KHTML, like Gecko) Chrome/78.0.3904.108 Safari/537.36"
::1 - - [25/Nov/2019:17:14:13 +0800] "GET /mongoDB/loan.php?search=&order_by=1 HTTP/1.1" 200 2784 "http://localhost/mongoDB/loan.php?search=&order_by=3" "Mozilla/5.0 (Windows NT 10.0; Win64; x64) AppleWebKit/537.36 (KHTML, like Gecko) Chrome/78.0.3904.108 Safari/537.36"
::1 - - [25/Nov/2019:17:14:20 +0800] "GET /mongoDB/loan.php?search=c&order_by= HTTP/1.1" 200 2471 "http://localhost/mongoDB/loan.php?search=&order_by=1" "Mozilla/5.0 (Windows NT 10.0; Win64; x64) AppleWebKit/537.36 (KHTML, like Gecko) Chrome/78.0.3904.108 Safari/537.36"
::1 - - [25/Nov/2019:17:14:45 +0800] "GET /mongoDB/loan.php?search=&order_by= HTTP/1.1" 200 2830 "http://localhost/mongoDB/loan.php?search=c&order_by=" "Mozilla/5.0 (Windows NT 10.0; Win64; x64) AppleWebKit/537.36 (KHTML, like Gecko) Chrome/78.0.3904.108 Safari/537.36"
::1 - - [25/Nov/2019:17:15:13 +0800] "GET /mongoDB/loan.php?search=&order_by= HTTP/1.1" 200 1984 "http://localhost/mongoDB/loan.php?search=c&order_by=" "Mozilla/5.0 (Windows NT 10.0; Win64; x64) AppleWebKit/537.36 (KHTML, like Gecko) Chrome/78.0.3904.108 Safari/537.36"
::1 - - [25/Nov/2019:17:15:19 +0800] "GET /mongoDB/loan.php?search=&order_by= HTTP/1.1" 200 2830 "http://localhost/mongoDB/loan.php?search=c&order_by=" "Mozilla/5.0 (Windows NT 10.0; Win64; x64) AppleWebKit/537.36 (KHTML, like Gecko) Chrome/78.0.3904.108 Safari/537.36"
::1 - - [25/Nov/2019:17:15:27 +0800] "GET /mongoDB/loan.php?search=&order_by= HTTP/1.1" 200 2830 "http://localhost/mongoDB/loan.php?search=c&order_by=" "Mozilla/5.0 (Windows NT 10.0; Win64; x64) AppleWebKit/537.36 (KHTML, like Gecko) Chrome/78.0.3904.108 Safari/537.36"
::1 - - [25/Nov/2019:17:15:28 +0800] "GET /mongoDB/loan.php?search=&order_by= HTTP/1.1" 200 2830 "http://localhost/mongoDB/loan.php?search=c&order_by=" "Mozilla/5.0 (Windows NT 10.0; Win64; x64) AppleWebKit/537.36 (KHTML, like Gecko) Chrome/78.0.3904.108 Safari/537.36"
::1 - - [25/Nov/2019:17:15:28 +0800] "GET /mongoDB/loan.php?search=&order_by= HTTP/1.1" 200 2830 "http://localhost/mongoDB/loan.php?search=c&order_by=" "Mozilla/5.0 (Windows NT 10.0; Win64; x64) AppleWebKit/537.36 (KHTML, like Gecko) Chrome/78.0.3904.108 Safari/537.36"
::1 - - [25/Nov/2019:17:15:29 +0800] "GET /mongoDB/loan.php?search=&order_by= HTTP/1.1" 200 2830 "http://localhost/mongoDB/loan.php?search=c&order_by=" "Mozilla/5.0 (Windows NT 10.0; Win64; x64) AppleWebKit/537.36 (KHTML, like Gecko) Chrome/78.0.3904.108 Safari/537.36"
::1 - - [25/Nov/2019:17:16:54 +0800] "GET /mongoDB/loan.php?search=&order_by= HTTP/1.1" 200 2830 "http://localhost/mongoDB/loan.php?search=c&order_by=" "Mozilla/5.0 (Windows NT 10.0; Win64; x64) AppleWebKit/537.36 (KHTML, like Gecko) Chrome/78.0.3904.108 Safari/537.36"
